{"C:\\Users\\prak4\\Desktop\\XT_02_Project\\meetings-app-prak4\\Mock-Project-2\\src\\ts\\config.ts": {"path":"C:\\Users\\prak4\\Desktop\\XT_02_Project\\meetings-app-prak4\\Mock-Project-2\\src\\ts\\config.ts","statementMap":{"0":{"start":{"line":1,"column":15},"end":{"line":3,"column":1}}},"fnMap":{},"branchMap":{},"s":{"0":11},"f":{},"b":{},"_coverageSchema":"1a1c01bbd47fc00a2c39e90264f33305004495a9","hash":"4e4406b5358f08269c6420fdf0092a19b0dcafb3"}
,"C:\\Users\\prak4\\Desktop\\XT_02_Project\\meetings-app-prak4\\Mock-Project-2\\src\\ts\\load-page.ts": {"path":"C:\\Users\\prak4\\Desktop\\XT_02_Project\\meetings-app-prak4\\Mock-Project-2\\src\\ts\\load-page.ts","statementMap":{"0":{"start":{"line":24,"column":29},"end":{"line":64,"column":1}},"1":{"start":{"line":71,"column":19},"end":{"line":89,"column":1}},"2":{"start":{"line":73,"column":18},"end":{"line":73,"column":50}},"3":{"start":{"line":75,"column":4},"end":{"line":88,"column":6}},"4":{"start":{"line":77,"column":12},"end":{"line":86,"column":16}},"5":{"start":{"line":78,"column":16},"end":{"line":78,"column":39}},"6":{"start":{"line":81,"column":36},"end":{"line":81,"column":63}},"7":{"start":{"line":82,"column":16},"end":{"line":82,"column":57}},"8":{"start":{"line":85,"column":16},"end":{"line":85,"column":46}},"9":{"start":{"line":91,"column":17},"end":{"line":118,"column":1}},"10":{"start":{"line":94,"column":4},"end":{"line":98,"column":5}},"11":{"start":{"line":95,"column":8},"end":{"line":95,"column":33}},"12":{"start":{"line":97,"column":8},"end":{"line":97,"column":28}},"13":{"start":{"line":100,"column":4},"end":{"line":105,"column":5}},"14":{"start":{"line":101,"column":8},"end":{"line":104,"column":9}},"15":{"start":{"line":102,"column":12},"end":{"line":102,"column":39}},"16":{"start":{"line":103,"column":12},"end":{"line":103,"column":19}},"17":{"start":{"line":106,"column":4},"end":{"line":111,"column":5}},"18":{"start":{"line":108,"column":21},"end":{"line":108,"column":69}},"19":{"start":{"line":109,"column":20},"end":{"line":109,"column":98}},"20":{"start":{"line":110,"column":8},"end":{"line":110,"column":29}},"21":{"start":{"line":114,"column":4},"end":{"line":117,"column":5}},"22":{"start":{"line":115,"column":8},"end":{"line":115,"column":42}},"23":{"start":{"line":116,"column":8},"end":{"line":116,"column":21}}},"fnMap":{"0":{"name":"(anonymous_0)","decl":{"start":{"line":71,"column":19},"end":{"line":71,"column":20}},"loc":{"start":{"line":71,"column":25},"end":{"line":89,"column":1}},"line":71},"1":{"name":"(anonymous_1)","decl":{"start":{"line":76,"column":8},"end":{"line":76,"column":9}},"loc":{"start":{"line":76,"column":16},"end":{"line":87,"column":9}},"line":76},"2":{"name":"(anonymous_2)","decl":{"start":{"line":77,"column":44},"end":{"line":77,"column":45}},"loc":{"start":{"line":77,"column":62},"end":{"line":86,"column":13}},"line":77},"3":{"name":"(anonymous_3)","decl":{"start":{"line":91,"column":17},"end":{"line":91,"column":18}},"loc":{"start":{"line":91,"column":42},"end":{"line":118,"column":1}},"line":91}},"branchMap":{"0":{"loc":{"start":{"line":94,"column":4},"end":{"line":98,"column":5}},"type":"if","locations":[{"start":{"line":94,"column":4},"end":{"line":98,"column":5}},{"start":{"line":96,"column":9},"end":{"line":98,"column":5}}],"line":94},"1":{"loc":{"start":{"line":100,"column":4},"end":{"line":105,"column":5}},"type":"if","locations":[{"start":{"line":100,"column":4},"end":{"line":105,"column":5}},{"start":{},"end":{}}],"line":100},"2":{"loc":{"start":{"line":101,"column":8},"end":{"line":104,"column":9}},"type":"if","locations":[{"start":{"line":101,"column":8},"end":{"line":104,"column":9}},{"start":{},"end":{}}],"line":101},"3":{"loc":{"start":{"line":106,"column":4},"end":{"line":111,"column":5}},"type":"if","locations":[{"start":{"line":106,"column":4},"end":{"line":111,"column":5}},{"start":{},"end":{}}],"line":106},"4":{"loc":{"start":{"line":114,"column":4},"end":{"line":117,"column":5}},"type":"if","locations":[{"start":{"line":114,"column":4},"end":{"line":117,"column":5}},{"start":{},"end":{}}],"line":114}},"s":{"0":4,"1":4,"2":0,"3":0,"4":0,"5":0,"6":0,"7":0,"8":0,"9":4,"10":0,"11":0,"12":0,"13":0,"14":0,"15":0,"16":0,"17":0,"18":0,"19":0,"20":0,"21":0,"22":0,"23":0},"f":{"0":0,"1":0,"2":0,"3":0},"b":{"0":[0,0],"1":[0,0],"2":[0,0],"3":[0,0],"4":[0,0]},"_coverageSchema":"1a1c01bbd47fc00a2c39e90264f33305004495a9","hash":"72f896c2f7b62b9d0538ab8689e35b291297e243"}
,"C:\\Users\\prak4\\Desktop\\XT_02_Project\\meetings-app-prak4\\Mock-Project-2\\src\\ts\\login.ts": {"path":"C:\\Users\\prak4\\Desktop\\XT_02_Project\\meetings-app-prak4\\Mock-Project-2\\src\\ts\\login.ts","statementMap":{"0":{"start":{"line":6,"column":40},"end":{"line":6,"column":44}},"1":{"start":{"line":8,"column":24},"end":{"line":61,"column":5}},"2":{"start":{"line":9,"column":8},"end":{"line":60,"column":10}},"3":{"start":{"line":12,"column":16},"end":{"line":12,"column":39}},"4":{"start":{"line":13,"column":35},"end":{"line":13,"column":91}},"5":{"start":{"line":15,"column":39},"end":{"line":29,"column":17}},"6":{"start":{"line":16,"column":37},"end":{"line":16,"column":60}},"7":{"start":{"line":17,"column":40},"end":{"line":19,"column":40}},"8":{"start":{"line":20,"column":38},"end":{"line":22,"column":40}},"9":{"start":{"line":24,"column":32},"end":{"line":24,"column":34}},"10":{"start":{"line":25,"column":20},"end":{"line":27,"column":21}},"11":{"start":{"line":26,"column":24},"end":{"line":26,"column":62}},"12":{"start":{"line":28,"column":20},"end":{"line":28,"column":48}},"13":{"start":{"line":30,"column":16},"end":{"line":30,"column":72}},"14":{"start":{"line":31,"column":16},"end":{"line":31,"column":72}},"15":{"start":{"line":34,"column":36},"end":{"line":41,"column":17}},"16":{"start":{"line":44,"column":16},"end":{"line":58,"column":24}},"17":{"start":{"line":46,"column":24},"end":{"line":46,"column":53}},"18":{"start":{"line":49,"column":24},"end":{"line":49,"column":69}},"19":{"start":{"line":50,"column":24},"end":{"line":50,"column":54}},"20":{"start":{"line":53,"column":24},"end":{"line":57,"column":52}},"21":{"start":{"line":54,"column":28},"end":{"line":54,"column":67}},"22":{"start":{"line":57,"column":28},"end":{"line":57,"column":51}},"23":{"start":{"line":63,"column":11},"end":{"line":67,"column":5}},"24":{"start":{"line":64,"column":8},"end":{"line":64,"column":84}},"25":{"start":{"line":66,"column":8},"end":{"line":66,"column":33}}},"fnMap":{"0":{"name":"(anonymous_0)","decl":{"start":{"line":8,"column":24},"end":{"line":8,"column":25}},"loc":{"start":{"line":8,"column":30},"end":{"line":61,"column":5}},"line":8},"1":{"name":"(anonymous_1)","decl":{"start":{"line":11,"column":12},"end":{"line":11,"column":13}},"loc":{"start":{"line":11,"column":31},"end":{"line":59,"column":13}},"line":11},"2":{"name":"(anonymous_2)","decl":{"start":{"line":15,"column":39},"end":{"line":15,"column":40}},"loc":{"start":{"line":15,"column":44},"end":{"line":29,"column":17}},"line":15},"3":{"name":"(anonymous_3)","decl":{"start":{"line":45,"column":27},"end":{"line":45,"column":28}},"loc":{"start":{"line":45,"column":54},"end":{"line":51,"column":21}},"line":45},"4":{"name":"(anonymous_4)","decl":{"start":{"line":52,"column":29},"end":{"line":52,"column":30}},"loc":{"start":{"line":52,"column":41},"end":{"line":58,"column":21}},"line":52},"5":{"name":"(anonymous_5)","decl":{"start":{"line":63,"column":11},"end":{"line":63,"column":12}},"loc":{"start":{"line":63,"column":17},"end":{"line":67,"column":5}},"line":63}},"branchMap":{"0":{"loc":{"start":{"line":25,"column":20},"end":{"line":27,"column":21}},"type":"if","locations":[{"start":{"line":25,"column":20},"end":{"line":27,"column":21}},{"start":{},"end":{}}],"line":25},"1":{"loc":{"start":{"line":53,"column":24},"end":{"line":57,"column":52}},"type":"if","locations":[{"start":{"line":53,"column":24},"end":{"line":57,"column":52}},{"start":{"line":56,"column":28},"end":{"line":57,"column":52}}],"line":53}},"s":{"0":0,"1":0,"2":0,"3":0,"4":0,"5":0,"6":0,"7":0,"8":0,"9":0,"10":0,"11":0,"12":0,"13":0,"14":0,"15":0,"16":0,"17":0,"18":0,"19":0,"20":0,"21":0,"22":0,"23":0,"24":0,"25":0},"f":{"0":0,"1":0,"2":0,"3":0,"4":0,"5":0},"b":{"0":[0,0],"1":[0,0]},"_coverageSchema":"1a1c01bbd47fc00a2c39e90264f33305004495a9","hash":"beb717a3896ac05d99e2f15c4dd71e2139de292d"}
,"C:\\Users\\prak4\\Desktop\\XT_02_Project\\meetings-app-prak4\\Mock-Project-2\\src\\ts\\nav.ts": {"path":"C:\\Users\\prak4\\Desktop\\XT_02_Project\\meetings-app-prak4\\Mock-Project-2\\src\\ts\\nav.ts","statementMap":{"0":{"start":{"line":3,"column":15},"end":{"line":20,"column":1}},"1":{"start":{"line":4,"column":24},"end":{"line":4,"column":81}},"2":{"start":{"line":5,"column":19},"end":{"line":5,"column":75}},"3":{"start":{"line":6,"column":25},"end":{"line":6,"column":75}},"4":{"start":{"line":7,"column":22},"end":{"line":7,"column":76}},"5":{"start":{"line":8,"column":4},"end":{"line":11,"column":6}},"6":{"start":{"line":9,"column":8},"end":{"line":9,"column":31}},"7":{"start":{"line":10,"column":8},"end":{"line":10,"column":47}},"8":{"start":{"line":13,"column":4},"end":{"line":17,"column":8}},"9":{"start":{"line":14,"column":8},"end":{"line":14,"column":17}},"10":{"start":{"line":16,"column":8},"end":{"line":16,"column":46}},"11":{"start":{"line":19,"column":4},"end":{"line":19,"column":42}}},"fnMap":{"0":{"name":"(anonymous_0)","decl":{"start":{"line":3,"column":15},"end":{"line":3,"column":16}},"loc":{"start":{"line":3,"column":19},"end":{"line":20,"column":1}},"line":3},"1":{"name":"(anonymous_1)","decl":{"start":{"line":8,"column":27},"end":{"line":8,"column":28}},"loc":{"start":{"line":8,"column":39},"end":{"line":11,"column":5}},"line":8},"2":{"name":"(anonymous_2)","decl":{"start":{"line":13,"column":44},"end":{"line":13,"column":45}},"loc":{"start":{"line":13,"column":56},"end":{"line":17,"column":5}},"line":13}},"branchMap":{},"s":{"0":5,"1":0,"2":0,"3":0,"4":0,"5":0,"6":0,"7":0,"8":0,"9":0,"10":0,"11":0},"f":{"0":0,"1":0,"2":0},"b":{},"_coverageSchema":"1a1c01bbd47fc00a2c39e90264f33305004495a9","hash":"32a5b728c6dceb01a247470eced43a35f216185a"}
,"C:\\Users\\prak4\\Desktop\\XT_02_Project\\meetings-app-prak4\\Mock-Project-2\\src\\ts\\register.ts": {"path":"C:\\Users\\prak4\\Desktop\\XT_02_Project\\meetings-app-prak4\\Mock-Project-2\\src\\ts\\register.ts","statementMap":{"0":{"start":{"line":7,"column":43},"end":{"line":7,"column":47}},"1":{"start":{"line":8,"column":42},"end":{"line":8,"column":46}},"2":{"start":{"line":9,"column":39},"end":{"line":9,"column":43}},"3":{"start":{"line":10,"column":42},"end":{"line":10,"column":46}},"4":{"start":{"line":11,"column":49},"end":{"line":11,"column":53}},"5":{"start":{"line":13,"column":22},"end":{"line":26,"column":5}},"6":{"start":{"line":14,"column":25},"end":{"line":14,"column":77}},"7":{"start":{"line":15,"column":25},"end":{"line":16,"column":24}},"8":{"start":{"line":17,"column":24},"end":{"line":17,"column":75}},"9":{"start":{"line":18,"column":20},"end":{"line":18,"column":22}},"10":{"start":{"line":19,"column":8},"end":{"line":23,"column":9}},"11":{"start":{"line":20,"column":12},"end":{"line":20,"column":48}},"12":{"start":{"line":21,"column":15},"end":{"line":23,"column":9}},"13":{"start":{"line":22,"column":12},"end":{"line":22,"column":67}},"14":{"start":{"line":24,"column":8},"end":{"line":24,"column":36}},"15":{"start":{"line":25,"column":8},"end":{"line":25,"column":28}},"16":{"start":{"line":28,"column":20},"end":{"line":48,"column":5}},"17":{"start":{"line":31,"column":22},"end":{"line":31,"column":71}},"18":{"start":{"line":32,"column":28},"end":{"line":34,"column":24}},"19":{"start":{"line":35,"column":26},"end":{"line":37,"column":24}},"20":{"start":{"line":39,"column":20},"end":{"line":39,"column":22}},"21":{"start":{"line":40,"column":8},"end":{"line":43,"column":9}},"22":{"start":{"line":42,"column":12},"end":{"line":42,"column":45}},"23":{"start":{"line":45,"column":8},"end":{"line":45,"column":38}},"24":{"start":{"line":47,"column":8},"end":{"line":47,"column":28}},"25":{"start":{"line":50,"column":23},"end":{"line":84,"column":5}},"26":{"start":{"line":51,"column":25},"end":{"line":51,"column":77}},"27":{"start":{"line":52,"column":29},"end":{"line":54,"column":24}},"28":{"start":{"line":55,"column":24},"end":{"line":55,"column":79}},"29":{"start":{"line":56,"column":29},"end":{"line":56,"column":36}},"30":{"start":{"line":57,"column":29},"end":{"line":57,"column":36}},"31":{"start":{"line":58,"column":25},"end":{"line":58,"column":32}},"32":{"start":{"line":59,"column":27},"end":{"line":59,"column":62}},"33":{"start":{"line":60,"column":20},"end":{"line":60,"column":22}},"34":{"start":{"line":61,"column":8},"end":{"line":79,"column":9}},"35":{"start":{"line":62,"column":12},"end":{"line":62,"column":59}},"36":{"start":{"line":67,"column":13},"end":{"line":79,"column":9}},"37":{"start":{"line":68,"column":12},"end":{"line":68,"column":76}},"38":{"start":{"line":71,"column":13},"end":{"line":79,"column":9}},"39":{"start":{"line":72,"column":12},"end":{"line":72,"column":75}},"40":{"start":{"line":74,"column":13},"end":{"line":79,"column":9}},"41":{"start":{"line":75,"column":12},"end":{"line":75,"column":63}},"42":{"start":{"line":77,"column":13},"end":{"line":79,"column":9}},"43":{"start":{"line":78,"column":12},"end":{"line":78,"column":69}},"44":{"start":{"line":82,"column":8},"end":{"line":82,"column":34}},"45":{"start":{"line":83,"column":8},"end":{"line":83,"column":28}},"46":{"start":{"line":86,"column":30},"end":{"line":103,"column":5}},"47":{"start":{"line":87,"column":32},"end":{"line":89,"column":22}},"48":{"start":{"line":90,"column":25},"end":{"line":90,"column":77}},"49":{"start":{"line":91,"column":36},"end":{"line":93,"column":24}},"50":{"start":{"line":94,"column":24},"end":{"line":96,"column":24}},"51":{"start":{"line":97,"column":20},"end":{"line":97,"column":22}},"52":{"start":{"line":98,"column":8},"end":{"line":100,"column":9}},"53":{"start":{"line":99,"column":12},"end":{"line":99,"column":61}},"54":{"start":{"line":101,"column":8},"end":{"line":101,"column":34}},"55":{"start":{"line":102,"column":8},"end":{"line":102,"column":28}},"56":{"start":{"line":105,"column":17},"end":{"line":112,"column":5}},"57":{"start":{"line":106,"column":20},"end":{"line":106,"column":24}},"58":{"start":{"line":107,"column":8},"end":{"line":107,"column":48}},"59":{"start":{"line":108,"column":8},"end":{"line":108,"column":46}},"60":{"start":{"line":109,"column":8},"end":{"line":109,"column":49}},"61":{"start":{"line":110,"column":8},"end":{"line":110,"column":56}},"62":{"start":{"line":111,"column":8},"end":{"line":111,"column":21}},"63":{"start":{"line":114,"column":24},"end":{"line":185,"column":5}},"64":{"start":{"line":116,"column":8},"end":{"line":116,"column":87}},"65":{"start":{"line":117,"column":8},"end":{"line":117,"column":82}},"66":{"start":{"line":118,"column":8},"end":{"line":118,"column":81}},"67":{"start":{"line":119,"column":8},"end":{"line":119,"column":83}},"68":{"start":{"line":120,"column":8},"end":{"line":122,"column":30}},"69":{"start":{"line":123,"column":8},"end":{"line":126,"column":10}},"70":{"start":{"line":127,"column":8},"end":{"line":130,"column":10}},"71":{"start":{"line":131,"column":8},"end":{"line":134,"column":10}},"72":{"start":{"line":135,"column":8},"end":{"line":138,"column":10}},"73":{"start":{"line":139,"column":8},"end":{"line":142,"column":10}},"74":{"start":{"line":143,"column":8},"end":{"line":146,"column":10}},"75":{"start":{"line":147,"column":8},"end":{"line":150,"column":10}},"76":{"start":{"line":151,"column":8},"end":{"line":154,"column":10}},"77":{"start":{"line":156,"column":8},"end":{"line":184,"column":10}},"78":{"start":{"line":159,"column":16},"end":{"line":159,"column":39}},"79":{"start":{"line":160,"column":30},"end":{"line":160,"column":79}},"80":{"start":{"line":161,"column":33},"end":{"line":161,"column":85}},"81":{"start":{"line":162,"column":33},"end":{"line":162,"column":85}},"82":{"start":{"line":163,"column":36},"end":{"line":167,"column":17}},"83":{"start":{"line":169,"column":16},"end":{"line":182,"column":17}},"84":{"start":{"line":170,"column":20},"end":{"line":181,"column":28}},"85":{"start":{"line":172,"column":28},"end":{"line":172,"column":57}},"86":{"start":{"line":173,"column":28},"end":{"line":173,"column":63}},"87":{"start":{"line":174,"column":28},"end":{"line":174,"column":71}},"88":{"start":{"line":177,"column":28},"end":{"line":177,"column":58}},"89":{"start":{"line":180,"column":28},"end":{"line":180,"column":51}},"90":{"start":{"line":187,"column":11},"end":{"line":190,"column":5}},"91":{"start":{"line":189,"column":8},"end":{"line":189,"column":33}}},"fnMap":{"0":{"name":"(anonymous_0)","decl":{"start":{"line":13,"column":22},"end":{"line":13,"column":23}},"loc":{"start":{"line":13,"column":28},"end":{"line":26,"column":5}},"line":13},"1":{"name":"(anonymous_1)","decl":{"start":{"line":28,"column":20},"end":{"line":28,"column":21}},"loc":{"start":{"line":28,"column":26},"end":{"line":48,"column":5}},"line":28},"2":{"name":"(anonymous_2)","decl":{"start":{"line":50,"column":23},"end":{"line":50,"column":24}},"loc":{"start":{"line":50,"column":29},"end":{"line":84,"column":5}},"line":50},"3":{"name":"(anonymous_3)","decl":{"start":{"line":86,"column":30},"end":{"line":86,"column":31}},"loc":{"start":{"line":86,"column":36},"end":{"line":103,"column":5}},"line":86},"4":{"name":"(anonymous_4)","decl":{"start":{"line":105,"column":17},"end":{"line":105,"column":18}},"loc":{"start":{"line":105,"column":23},"end":{"line":112,"column":5}},"line":105},"5":{"name":"(anonymous_5)","decl":{"start":{"line":114,"column":24},"end":{"line":114,"column":25}},"loc":{"start":{"line":114,"column":30},"end":{"line":185,"column":5}},"line":114},"6":{"name":"(anonymous_6)","decl":{"start":{"line":158,"column":12},"end":{"line":158,"column":13}},"loc":{"start":{"line":158,"column":25},"end":{"line":183,"column":13}},"line":158},"7":{"name":"(anonymous_7)","decl":{"start":{"line":171,"column":31},"end":{"line":171,"column":32}},"loc":{"start":{"line":171,"column":58},"end":{"line":178,"column":25}},"line":171},"8":{"name":"(anonymous_8)","decl":{"start":{"line":179,"column":32},"end":{"line":179,"column":33}},"loc":{"start":{"line":179,"column":51},"end":{"line":181,"column":25}},"line":179},"9":{"name":"(anonymous_9)","decl":{"start":{"line":187,"column":11},"end":{"line":187,"column":12}},"loc":{"start":{"line":187,"column":17},"end":{"line":190,"column":5}},"line":187}},"branchMap":{"0":{"loc":{"start":{"line":19,"column":8},"end":{"line":23,"column":9}},"type":"if","locations":[{"start":{"line":19,"column":8},"end":{"line":23,"column":9}},{"start":{"line":21,"column":15},"end":{"line":23,"column":9}}],"line":19},"1":{"loc":{"start":{"line":21,"column":15},"end":{"line":23,"column":9}},"type":"if","locations":[{"start":{"line":21,"column":15},"end":{"line":23,"column":9}},{"start":{},"end":{}}],"line":21},"2":{"loc":{"start":{"line":40,"column":8},"end":{"line":43,"column":9}},"type":"if","locations":[{"start":{"line":40,"column":8},"end":{"line":43,"column":9}},{"start":{},"end":{}}],"line":40},"3":{"loc":{"start":{"line":61,"column":8},"end":{"line":79,"column":9}},"type":"if","locations":[{"start":{"line":61,"column":8},"end":{"line":79,"column":9}},{"start":{"line":67,"column":13},"end":{"line":79,"column":9}}],"line":61},"4":{"loc":{"start":{"line":67,"column":13},"end":{"line":79,"column":9}},"type":"if","locations":[{"start":{"line":67,"column":13},"end":{"line":79,"column":9}},{"start":{"line":71,"column":13},"end":{"line":79,"column":9}}],"line":67},"5":{"loc":{"start":{"line":71,"column":13},"end":{"line":79,"column":9}},"type":"if","locations":[{"start":{"line":71,"column":13},"end":{"line":79,"column":9}},{"start":{"line":74,"column":13},"end":{"line":79,"column":9}}],"line":71},"6":{"loc":{"start":{"line":74,"column":13},"end":{"line":79,"column":9}},"type":"if","locations":[{"start":{"line":74,"column":13},"end":{"line":79,"column":9}},{"start":{"line":77,"column":13},"end":{"line":79,"column":9}}],"line":74},"7":{"loc":{"start":{"line":77,"column":13},"end":{"line":79,"column":9}},"type":"if","locations":[{"start":{"line":77,"column":13},"end":{"line":79,"column":9}},{"start":{},"end":{}}],"line":77},"8":{"loc":{"start":{"line":98,"column":8},"end":{"line":100,"column":9}},"type":"if","locations":[{"start":{"line":98,"column":8},"end":{"line":100,"column":9}},{"start":{},"end":{}}],"line":98},"9":{"loc":{"start":{"line":107,"column":16},"end":{"line":107,"column":47}},"type":"binary-expr","locations":[{"start":{"line":107,"column":16},"end":{"line":107,"column":38}},{"start":{"line":107,"column":42},"end":{"line":107,"column":47}}],"line":107},"10":{"loc":{"start":{"line":108,"column":16},"end":{"line":108,"column":45}},"type":"binary-expr","locations":[{"start":{"line":108,"column":16},"end":{"line":108,"column":36}},{"start":{"line":108,"column":40},"end":{"line":108,"column":45}}],"line":108},"11":{"loc":{"start":{"line":109,"column":16},"end":{"line":109,"column":48}},"type":"binary-expr","locations":[{"start":{"line":109,"column":16},"end":{"line":109,"column":39}},{"start":{"line":109,"column":43},"end":{"line":109,"column":48}}],"line":109},"12":{"loc":{"start":{"line":110,"column":16},"end":{"line":110,"column":55}},"type":"binary-expr","locations":[{"start":{"line":110,"column":16},"end":{"line":110,"column":46}},{"start":{"line":110,"column":50},"end":{"line":110,"column":55}}],"line":110},"13":{"loc":{"start":{"line":169,"column":16},"end":{"line":182,"column":17}},"type":"if","locations":[{"start":{"line":169,"column":16},"end":{"line":182,"column":17}},{"start":{},"end":{}}],"line":169}},"s":{"0":4,"1":4,"2":4,"3":4,"4":4,"5":4,"6":1,"7":1,"8":1,"9":1,"10":1,"11":0,"12":1,"13":0,"14":1,"15":1,"16":4,"17":1,"18":1,"19":1,"20":1,"21":1,"22":0,"23":1,"24":1,"25":4,"26":1,"27":1,"28":1,"29":1,"30":1,"31":1,"32":1,"33":1,"34":1,"35":0,"36":1,"37":0,"38":1,"39":0,"40":1,"41":0,"42":1,"43":0,"44":1,"45":1,"46":4,"47":1,"48":1,"49":1,"50":1,"51":1,"52":1,"53":0,"54":1,"55":1,"56":4,"57":0,"58":0,"59":0,"60":0,"61":0,"62":0,"63":4,"64":0,"65":0,"66":0,"67":0,"68":0,"69":0,"70":0,"71":0,"72":0,"73":0,"74":0,"75":0,"76":0,"77":0,"78":0,"79":0,"80":0,"81":0,"82":0,"83":0,"84":0,"85":0,"86":0,"87":0,"88":0,"89":0,"90":4,"91":0},"f":{"0":1,"1":1,"2":1,"3":1,"4":0,"5":0,"6":0,"7":0,"8":0,"9":0},"b":{"0":[0,1],"1":[0,1],"2":[0,1],"3":[0,1],"4":[0,1],"5":[0,1],"6":[0,1],"7":[0,1],"8":[0,1],"9":[0,0],"10":[0,0],"11":[0,0],"12":[0,0],"13":[0,0]},"_coverageSchema":"1a1c01bbd47fc00a2c39e90264f33305004495a9","hash":"e7dff8d37209e356783c559f223c9515fe5695fd"}
,"C:\\Users\\prak4\\Desktop\\XT_02_Project\\meetings-app-prak4\\Mock-Project-2\\src\\ts\\data\\attendees.ts": {"path":"C:\\Users\\prak4\\Desktop\\XT_02_Project\\meetings-app-prak4\\Mock-Project-2\\src\\ts\\data\\attendees.ts","statementMap":{},"fnMap":{},"branchMap":{},"s":{},"f":{},"b":{},"_coverageSchema":"1a1c01bbd47fc00a2c39e90264f33305004495a9","hash":"0edd3508521f54ae441a1919484d7a4cab8ca356"}
,"C:\\Users\\prak4\\Desktop\\XT_02_Project\\meetings-app-prak4\\Mock-Project-2\\src\\ts\\data\\meetings.ts": {"path":"C:\\Users\\prak4\\Desktop\\XT_02_Project\\meetings-app-prak4\\Mock-Project-2\\src\\ts\\data\\meetings.ts","statementMap":{"0":{"start":{"line":1,"column":15},"end":{"line":193,"column":1}}},"fnMap":{},"branchMap":{},"s":{"0":11},"f":{},"b":{},"_coverageSchema":"1a1c01bbd47fc00a2c39e90264f33305004495a9","hash":"e423f3c707774146f94fe8dddd57452c905867cd"}
,"C:\\Users\\prak4\\Desktop\\XT_02_Project\\meetings-app-prak4\\Mock-Project-2\\src\\ts\\data\\teams.ts": {"path":"C:\\Users\\prak4\\Desktop\\XT_02_Project\\meetings-app-prak4\\Mock-Project-2\\src\\ts\\data\\teams.ts","statementMap":{"0":{"start":{"line":1,"column":14},"end":{"line":57,"column":1}}},"fnMap":{},"branchMap":{},"s":{"0":11},"f":{},"b":{},"_coverageSchema":"1a1c01bbd47fc00a2c39e90264f33305004495a9","hash":"6afc59b48a08617e77d876a63d9f3841ad7119aa"}
,"C:\\Users\\prak4\\Desktop\\XT_02_Project\\meetings-app-prak4\\Mock-Project-2\\src\\ts\\data\\users.ts": {"path":"C:\\Users\\prak4\\Desktop\\XT_02_Project\\meetings-app-prak4\\Mock-Project-2\\src\\ts\\data\\users.ts","statementMap":{"0":{"start":{"line":1,"column":13},"end":{"line":32,"column":1}}},"fnMap":{},"branchMap":{},"s":{"0":11},"f":{},"b":{},"_coverageSchema":"1a1c01bbd47fc00a2c39e90264f33305004495a9","hash":"f38d3dbc92232c2e6fb722fe3703e8f8f9cefb98"}
,"C:\\Users\\prak4\\Desktop\\XT_02_Project\\meetings-app-prak4\\Mock-Project-2\\src\\ts\\mocks\\handlers.ts": {"path":"C:\\Users\\prak4\\Desktop\\XT_02_Project\\meetings-app-prak4\\Mock-Project-2\\src\\ts\\mocks\\handlers.ts","statementMap":{"0":{"start":{"line":7,"column":17},"end":{"line":107,"column":1}},"1":{"start":{"line":11,"column":12},"end":{"line":11,"column":47}},"2":{"start":{"line":15,"column":8},"end":{"line":15,"column":40}},"3":{"start":{"line":18,"column":8},"end":{"line":18,"column":40}},"4":{"start":{"line":23,"column":12},"end":{"line":23,"column":47}},"5":{"start":{"line":29,"column":12},"end":{"line":38,"column":14}},"6":{"start":{"line":44,"column":12},"end":{"line":45,"column":13}},"7":{"start":{"line":51,"column":12},"end":{"line":68,"column":14}},"8":{"start":{"line":73,"column":8},"end":{"line":98,"column":10}},"9":{"start":{"line":104,"column":12},"end":{"line":104,"column":44}}},"fnMap":{"0":{"name":"(anonymous_0)","decl":{"start":{"line":10,"column":8},"end":{"line":10,"column":9}},"loc":{"start":{"line":10,"column":29},"end":{"line":12,"column":9}},"line":10},"1":{"name":"(anonymous_1)","decl":{"start":{"line":14,"column":63},"end":{"line":14,"column":64}},"loc":{"start":{"line":14,"column":84},"end":{"line":16,"column":5}},"line":14},"2":{"name":"(anonymous_2)","decl":{"start":{"line":17,"column":63},"end":{"line":17,"column":64}},"loc":{"start":{"line":17,"column":84},"end":{"line":19,"column":5}},"line":17},"3":{"name":"(anonymous_3)","decl":{"start":{"line":22,"column":8},"end":{"line":22,"column":9}},"loc":{"start":{"line":22,"column":29},"end":{"line":24,"column":9}},"line":22},"4":{"name":"(anonymous_4)","decl":{"start":{"line":28,"column":8},"end":{"line":28,"column":9}},"loc":{"start":{"line":28,"column":29},"end":{"line":39,"column":9}},"line":28},"5":{"name":"(anonymous_5)","decl":{"start":{"line":43,"column":8},"end":{"line":43,"column":9}},"loc":{"start":{"line":43,"column":29},"end":{"line":46,"column":9}},"line":43},"6":{"name":"(anonymous_6)","decl":{"start":{"line":50,"column":8},"end":{"line":50,"column":9}},"loc":{"start":{"line":50,"column":29},"end":{"line":69,"column":9}},"line":50},"7":{"name":"(anonymous_7)","decl":{"start":{"line":72,"column":64},"end":{"line":72,"column":65}},"loc":{"start":{"line":72,"column":84},"end":{"line":99,"column":5}},"line":72},"8":{"name":"(anonymous_8)","decl":{"start":{"line":103,"column":8},"end":{"line":103,"column":9}},"loc":{"start":{"line":103,"column":29},"end":{"line":105,"column":9}},"line":103}},"branchMap":{},"s":{"0":11,"1":1,"2":1,"3":1,"4":1,"5":1,"6":1,"7":1,"8":1,"9":1},"f":{"0":1,"1":1,"2":1,"3":1,"4":1,"5":1,"6":1,"7":1,"8":1},"b":{},"_coverageSchema":"1a1c01bbd47fc00a2c39e90264f33305004495a9","hash":"64b1bf64dddf50a4c47658ebd819cf7be018dac7"}
,"C:\\Users\\prak4\\Desktop\\XT_02_Project\\meetings-app-prak4\\Mock-Project-2\\src\\ts\\mocks\\server.ts": {"path":"C:\\Users\\prak4\\Desktop\\XT_02_Project\\meetings-app-prak4\\Mock-Project-2\\src\\ts\\mocks\\server.ts","statementMap":{"0":{"start":{"line":7,"column":15},"end":{"line":7,"column":41}}},"fnMap":{},"branchMap":{},"s":{"0":11},"f":{},"b":{},"_coverageSchema":"1a1c01bbd47fc00a2c39e90264f33305004495a9","hash":"578800ebd9cb839fd1e8774c46dffb8991cd2a75"}
,"C:\\Users\\prak4\\Desktop\\XT_02_Project\\meetings-app-prak4\\Mock-Project-2\\src\\ts\\pages\\add-meeting.ts": {"path":"C:\\Users\\prak4\\Desktop\\XT_02_Project\\meetings-app-prak4\\Mock-Project-2\\src\\ts\\pages\\add-meeting.ts","statementMap":{"0":{"start":{"line":7,"column":14},"end":{"line":7,"column":78}},"1":{"start":{"line":8,"column":17},"end":{"line":8,"column":70}},"2":{"start":{"line":9,"column":17},"end":{"line":9,"column":70}},"3":{"start":{"line":10,"column":19},"end":{"line":10,"column":74}},"4":{"start":{"line":11,"column":21},"end":{"line":11,"column":78}},"5":{"start":{"line":12,"column":17},"end":{"line":12,"column":76}},"6":{"start":{"line":13,"column":19},"end":{"line":13,"column":80}},"7":{"start":{"line":14,"column":20},"end":{"line":14,"column":83}},"8":{"start":{"line":15,"column":18},"end":{"line":15,"column":72}},"9":{"start":{"line":18,"column":17},"end":{"line":46,"column":5}},"10":{"start":{"line":20,"column":28},"end":{"line":20,"column":49}},"11":{"start":{"line":21,"column":23},"end":{"line":21,"column":78}},"12":{"start":{"line":22,"column":26},"end":{"line":22,"column":75}},"13":{"start":{"line":23,"column":20},"end":{"line":23,"column":22}},"14":{"start":{"line":24,"column":26},"end":{"line":24,"column":36}},"15":{"start":{"line":25,"column":29},"end":{"line":25,"column":52}},"16":{"start":{"line":26,"column":25},"end":{"line":26,"column":44}},"17":{"start":{"line":27,"column":28},"end":{"line":27,"column":50}},"18":{"start":{"line":28,"column":26},"end":{"line":28,"column":49}},"19":{"start":{"line":29,"column":29},"end":{"line":29,"column":55}},"20":{"start":{"line":30,"column":27},"end":{"line":30,"column":47}},"21":{"start":{"line":31,"column":30},"end":{"line":31,"column":53}},"22":{"start":{"line":33,"column":8},"end":{"line":43,"column":9}},"23":{"start":{"line":34,"column":12},"end":{"line":34,"column":64}},"24":{"start":{"line":35,"column":15},"end":{"line":43,"column":9}},"25":{"start":{"line":36,"column":12},"end":{"line":42,"column":13}},"26":{"start":{"line":37,"column":16},"end":{"line":37,"column":68}},"27":{"start":{"line":38,"column":19},"end":{"line":42,"column":13}},"28":{"start":{"line":39,"column":16},"end":{"line":41,"column":17}},"29":{"start":{"line":40,"column":20},"end":{"line":40,"column":72}},"30":{"start":{"line":44,"column":8},"end":{"line":44,"column":36}},"31":{"start":{"line":45,"column":8},"end":{"line":45,"column":28}},"32":{"start":{"line":47,"column":18},"end":{"line":70,"column":5}},"33":{"start":{"line":48,"column":26},"end":{"line":48,"column":49}},"34":{"start":{"line":49,"column":28},"end":{"line":49,"column":53}},"35":{"start":{"line":50,"column":24},"end":{"line":50,"column":45}},"36":{"start":{"line":51,"column":26},"end":{"line":51,"column":49}},"37":{"start":{"line":52,"column":23},"end":{"line":52,"column":73}},"38":{"start":{"line":53,"column":26},"end":{"line":53,"column":75}},"39":{"start":{"line":54,"column":20},"end":{"line":54,"column":22}},"40":{"start":{"line":56,"column":24},"end":{"line":56,"column":45}},"41":{"start":{"line":57,"column":25},"end":{"line":57,"column":48}},"42":{"start":{"line":58,"column":22},"end":{"line":58,"column":41}},"43":{"start":{"line":59,"column":23},"end":{"line":59,"column":44}},"44":{"start":{"line":61,"column":8},"end":{"line":67,"column":9}},"45":{"start":{"line":62,"column":12},"end":{"line":62,"column":64}},"46":{"start":{"line":63,"column":15},"end":{"line":67,"column":9}},"47":{"start":{"line":64,"column":12},"end":{"line":66,"column":13}},"48":{"start":{"line":65,"column":16},"end":{"line":65,"column":68}},"49":{"start":{"line":68,"column":8},"end":{"line":68,"column":36}},"50":{"start":{"line":69,"column":8},"end":{"line":69,"column":28}},"51":{"start":{"line":74,"column":16},"end":{"line":80,"column":5}},"52":{"start":{"line":75,"column":20},"end":{"line":75,"column":24}},"53":{"start":{"line":76,"column":8},"end":{"line":76,"column":45}},"54":{"start":{"line":77,"column":8},"end":{"line":77,"column":45}},"55":{"start":{"line":78,"column":8},"end":{"line":78,"column":21}},"56":{"start":{"line":82,"column":23},"end":{"line":139,"column":5}},"57":{"start":{"line":84,"column":8},"end":{"line":84,"column":71}},"58":{"start":{"line":85,"column":8},"end":{"line":85,"column":70}},"59":{"start":{"line":86,"column":8},"end":{"line":86,"column":73}},"60":{"start":{"line":87,"column":8},"end":{"line":87,"column":72}},"61":{"start":{"line":88,"column":8},"end":{"line":88,"column":71}},"62":{"start":{"line":89,"column":8},"end":{"line":89,"column":70}},"63":{"start":{"line":90,"column":8},"end":{"line":90,"column":75}},"64":{"start":{"line":91,"column":8},"end":{"line":91,"column":74}},"65":{"start":{"line":92,"column":8},"end":{"line":92,"column":73}},"66":{"start":{"line":93,"column":8},"end":{"line":93,"column":72}},"67":{"start":{"line":95,"column":8},"end":{"line":138,"column":12}},"68":{"start":{"line":96,"column":12},"end":{"line":96,"column":35}},"69":{"start":{"line":98,"column":25},"end":{"line":98,"column":46}},"70":{"start":{"line":99,"column":31},"end":{"line":99,"column":54}},"71":{"start":{"line":100,"column":33},"end":{"line":100,"column":58}},"72":{"start":{"line":101,"column":29},"end":{"line":101,"column":50}},"73":{"start":{"line":102,"column":31},"end":{"line":102,"column":54}},"74":{"start":{"line":103,"column":29},"end":{"line":103,"column":50}},"75":{"start":{"line":104,"column":31},"end":{"line":104,"column":55}},"76":{"start":{"line":105,"column":30},"end":{"line":105,"column":65}},"77":{"start":{"line":106,"column":34},"end":{"line":108,"column":15}},"78":{"start":{"line":107,"column":16},"end":{"line":107,"column":39}},"79":{"start":{"line":110,"column":32},"end":{"line":123,"column":13}},"80":{"start":{"line":125,"column":12},"end":{"line":137,"column":13}},"81":{"start":{"line":126,"column":16},"end":{"line":136,"column":24}},"82":{"start":{"line":128,"column":24},"end":{"line":128,"column":58}},"83":{"start":{"line":129,"column":24},"end":{"line":129,"column":69}},"84":{"start":{"line":131,"column":24},"end":{"line":131,"column":72}},"85":{"start":{"line":132,"column":24},"end":{"line":132,"column":54}},"86":{"start":{"line":135,"column":24},"end":{"line":135,"column":47}},"87":{"start":{"line":141,"column":9},"end":{"line":145,"column":5}},"88":{"start":{"line":142,"column":8},"end":{"line":142,"column":33}},"89":{"start":{"line":143,"column":8},"end":{"line":143,"column":18}}},"fnMap":{"0":{"name":"(anonymous_0)","decl":{"start":{"line":18,"column":17},"end":{"line":18,"column":18}},"loc":{"start":{"line":18,"column":22},"end":{"line":46,"column":5}},"line":18},"1":{"name":"(anonymous_1)","decl":{"start":{"line":47,"column":18},"end":{"line":47,"column":19}},"loc":{"start":{"line":47,"column":23},"end":{"line":70,"column":5}},"line":47},"2":{"name":"(anonymous_2)","decl":{"start":{"line":74,"column":16},"end":{"line":74,"column":17}},"loc":{"start":{"line":74,"column":21},"end":{"line":80,"column":5}},"line":74},"3":{"name":"(anonymous_3)","decl":{"start":{"line":82,"column":23},"end":{"line":82,"column":24}},"loc":{"start":{"line":82,"column":28},"end":{"line":139,"column":5}},"line":82},"4":{"name":"(anonymous_4)","decl":{"start":{"line":95,"column":49},"end":{"line":95,"column":50}},"loc":{"start":{"line":95,"column":61},"end":{"line":138,"column":9}},"line":95},"5":{"name":"(anonymous_5)","decl":{"start":{"line":106,"column":49},"end":{"line":106,"column":50}},"loc":{"start":{"line":106,"column":63},"end":{"line":108,"column":13}},"line":106},"6":{"name":"(anonymous_6)","decl":{"start":{"line":127,"column":27},"end":{"line":127,"column":28}},"loc":{"start":{"line":127,"column":52},"end":{"line":133,"column":21}},"line":127},"7":{"name":"(anonymous_7)","decl":{"start":{"line":134,"column":28},"end":{"line":134,"column":29}},"loc":{"start":{"line":134,"column":40},"end":{"line":136,"column":21}},"line":134},"8":{"name":"(anonymous_8)","decl":{"start":{"line":141,"column":9},"end":{"line":141,"column":10}},"loc":{"start":{"line":141,"column":14},"end":{"line":145,"column":5}},"line":141}},"branchMap":{"0":{"loc":{"start":{"line":33,"column":8},"end":{"line":43,"column":9}},"type":"if","locations":[{"start":{"line":33,"column":8},"end":{"line":43,"column":9}},{"start":{"line":35,"column":15},"end":{"line":43,"column":9}}],"line":33},"1":{"loc":{"start":{"line":35,"column":15},"end":{"line":43,"column":9}},"type":"if","locations":[{"start":{"line":35,"column":15},"end":{"line":43,"column":9}},{"start":{},"end":{}}],"line":35},"2":{"loc":{"start":{"line":36,"column":12},"end":{"line":42,"column":13}},"type":"if","locations":[{"start":{"line":36,"column":12},"end":{"line":42,"column":13}},{"start":{"line":38,"column":19},"end":{"line":42,"column":13}}],"line":36},"3":{"loc":{"start":{"line":38,"column":19},"end":{"line":42,"column":13}},"type":"if","locations":[{"start":{"line":38,"column":19},"end":{"line":42,"column":13}},{"start":{},"end":{}}],"line":38},"4":{"loc":{"start":{"line":39,"column":16},"end":{"line":41,"column":17}},"type":"if","locations":[{"start":{"line":39,"column":16},"end":{"line":41,"column":17}},{"start":{},"end":{}}],"line":39},"5":{"loc":{"start":{"line":61,"column":8},"end":{"line":67,"column":9}},"type":"if","locations":[{"start":{"line":61,"column":8},"end":{"line":67,"column":9}},{"start":{"line":63,"column":15},"end":{"line":67,"column":9}}],"line":61},"6":{"loc":{"start":{"line":63,"column":15},"end":{"line":67,"column":9}},"type":"if","locations":[{"start":{"line":63,"column":15},"end":{"line":67,"column":9}},{"start":{},"end":{}}],"line":63},"7":{"loc":{"start":{"line":64,"column":12},"end":{"line":66,"column":13}},"type":"if","locations":[{"start":{"line":64,"column":12},"end":{"line":66,"column":13}},{"start":{},"end":{}}],"line":64},"8":{"loc":{"start":{"line":76,"column":16},"end":{"line":76,"column":44}},"type":"binary-expr","locations":[{"start":{"line":76,"column":16},"end":{"line":76,"column":35}},{"start":{"line":76,"column":39},"end":{"line":76,"column":44}}],"line":76},"9":{"loc":{"start":{"line":77,"column":16},"end":{"line":77,"column":44}},"type":"binary-expr","locations":[{"start":{"line":77,"column":16},"end":{"line":77,"column":35}},{"start":{"line":77,"column":39},"end":{"line":77,"column":44}}],"line":77},"10":{"loc":{"start":{"line":125,"column":12},"end":{"line":137,"column":13}},"type":"if","locations":[{"start":{"line":125,"column":12},"end":{"line":137,"column":13}},{"start":{},"end":{}}],"line":125}},"s":{"0":2,"1":2,"2":2,"3":2,"4":2,"5":2,"6":2,"7":2,"8":2,"9":2,"10":1,"11":1,"12":1,"13":1,"14":1,"15":1,"16":1,"17":1,"18":1,"19":1,"20":1,"21":1,"22":1,"23":0,"24":1,"25":0,"26":0,"27":0,"28":0,"29":0,"30":1,"31":1,"32":2,"33":1,"34":1,"35":1,"36":1,"37":1,"38":1,"39":1,"40":1,"41":1,"42":1,"43":1,"44":1,"45":0,"46":1,"47":0,"48":0,"49":1,"50":1,"51":2,"52":0,"53":0,"54":0,"55":0,"56":2,"57":0,"58":0,"59":0,"60":0,"61":0,"62":0,"63":0,"64":0,"65":0,"66":0,"67":0,"68":0,"69":0,"70":0,"71":0,"72":0,"73":0,"74":0,"75":0,"76":0,"77":0,"78":0,"79":0,"80":0,"81":0,"82":0,"83":0,"84":0,"85":0,"86":0,"87":2,"88":0,"89":0},"f":{"0":1,"1":1,"2":0,"3":0,"4":0,"5":0,"6":0,"7":0,"8":0},"b":{"0":[0,1],"1":[0,1],"2":[0,0],"3":[0,0],"4":[0,0],"5":[0,1],"6":[0,1],"7":[0,0],"8":[0,0],"9":[0,0],"10":[0,0]},"_coverageSchema":"1a1c01bbd47fc00a2c39e90264f33305004495a9","hash":"41f38be03ddec2dff361eae5693db4cabc433c68"}
,"C:\\Users\\prak4\\Desktop\\XT_02_Project\\meetings-app-prak4\\Mock-Project-2\\src\\ts\\pages\\calender.ts": {"path":"C:\\Users\\prak4\\Desktop\\XT_02_Project\\meetings-app-prak4\\Mock-Project-2\\src\\ts\\pages\\calender.ts","statementMap":{"0":{"start":{"line":8,"column":14},"end":{"line":8,"column":66}},"1":{"start":{"line":11,"column":29},"end":{"line":11,"column":31}},"2":{"start":{"line":13,"column":29},"end":{"line":13,"column":91}},"3":{"start":{"line":15,"column":30},"end":{"line":15,"column":32}},"4":{"start":{"line":16,"column":8},"end":{"line":46,"column":12}},"5":{"start":{"line":17,"column":37},"end":{"line":19,"column":27}},"6":{"start":{"line":18,"column":16},"end":{"line":18,"column":54}},"7":{"start":{"line":22,"column":10},"end":{"line":28,"column":14}},"8":{"start":{"line":30,"column":10},"end":{"line":32,"column":55}},"9":{"start":{"line":34,"column":12},"end":{"line":44,"column":11}},"10":{"start":{"line":47,"column":8},"end":{"line":47,"column":49}},"11":{"start":{"line":50,"column":11},"end":{"line":70,"column":5}},"12":{"start":{"line":52,"column":8},"end":{"line":68,"column":9}},"13":{"start":{"line":53,"column":12},"end":{"line":53,"column":31}},"14":{"start":{"line":54,"column":15},"end":{"line":68,"column":9}},"15":{"start":{"line":55,"column":12},"end":{"line":55,"column":31}},"16":{"start":{"line":56,"column":15},"end":{"line":68,"column":9}},"17":{"start":{"line":57,"column":12},"end":{"line":57,"column":32}},"18":{"start":{"line":58,"column":15},"end":{"line":68,"column":9}},"19":{"start":{"line":59,"column":12},"end":{"line":59,"column":34}},"20":{"start":{"line":60,"column":15},"end":{"line":68,"column":9}},"21":{"start":{"line":61,"column":12},"end":{"line":61,"column":33}},"22":{"start":{"line":62,"column":15},"end":{"line":68,"column":9}},"23":{"start":{"line":63,"column":12},"end":{"line":63,"column":31}},"24":{"start":{"line":64,"column":15},"end":{"line":68,"column":9}},"25":{"start":{"line":65,"column":12},"end":{"line":65,"column":33}},"26":{"start":{"line":67,"column":12},"end":{"line":67,"column":25}},"27":{"start":{"line":69,"column":8},"end":{"line":69,"column":41}},"28":{"start":{"line":71,"column":20},"end":{"line":80,"column":5}},"29":{"start":{"line":72,"column":8},"end":{"line":79,"column":15}},"30":{"start":{"line":74,"column":16},"end":{"line":74,"column":44}},"31":{"start":{"line":75,"column":16},"end":{"line":75,"column":49}},"32":{"start":{"line":78,"column":16},"end":{"line":78,"column":39}},"33":{"start":{"line":87,"column":11},"end":{"line":136,"column":5}},"34":{"start":{"line":88,"column":22},"end":{"line":101,"column":9}},"35":{"start":{"line":102,"column":22},"end":{"line":102,"column":32}},"36":{"start":{"line":104,"column":8},"end":{"line":108,"column":23}},"37":{"start":{"line":110,"column":27},"end":{"line":110,"column":66}},"38":{"start":{"line":111,"column":8},"end":{"line":113,"column":34}},"39":{"start":{"line":114,"column":25},"end":{"line":114,"column":42}},"40":{"start":{"line":115,"column":8},"end":{"line":115,"column":41}},"41":{"start":{"line":119,"column":8},"end":{"line":119,"column":35}},"42":{"start":{"line":121,"column":27},"end":{"line":121,"column":67}},"43":{"start":{"line":122,"column":8},"end":{"line":134,"column":12}},"44":{"start":{"line":123,"column":31},"end":{"line":123,"column":71}},"45":{"start":{"line":124,"column":12},"end":{"line":124,"column":60}},"46":{"start":{"line":125,"column":31},"end":{"line":125,"column":64}},"47":{"start":{"line":126,"column":12},"end":{"line":128,"column":113}},"48":{"start":{"line":129,"column":32},"end":{"line":129,"column":54}},"49":{"start":{"line":130,"column":12},"end":{"line":130,"column":48}},"50":{"start":{"line":132,"column":12},"end":{"line":132,"column":45}},"51":{"start":{"line":135,"column":8},"end":{"line":135,"column":18}}},"fnMap":{"0":{"name":"(anonymous_0)","decl":{"start":{"line":12,"column":4},"end":{"line":12,"column":5}},"loc":{"start":{"line":12,"column":44},"end":{"line":49,"column":5}},"line":12},"1":{"name":"(anonymous_1)","decl":{"start":{"line":16,"column":26},"end":{"line":16,"column":27}},"loc":{"start":{"line":16,"column":51},"end":{"line":46,"column":9}},"line":16},"2":{"name":"(anonymous_2)","decl":{"start":{"line":17,"column":60},"end":{"line":17,"column":61}},"loc":{"start":{"line":17,"column":76},"end":{"line":19,"column":13}},"line":17},"3":{"name":"(anonymous_3)","decl":{"start":{"line":50,"column":11},"end":{"line":50,"column":12}},"loc":{"start":{"line":50,"column":30},"end":{"line":70,"column":5}},"line":50},"4":{"name":"(anonymous_4)","decl":{"start":{"line":71,"column":20},"end":{"line":71,"column":21}},"loc":{"start":{"line":71,"column":39},"end":{"line":80,"column":5}},"line":71},"5":{"name":"(anonymous_5)","decl":{"start":{"line":73,"column":19},"end":{"line":73,"column":20}},"loc":{"start":{"line":73,"column":35},"end":{"line":76,"column":13}},"line":73},"6":{"name":"(anonymous_6)","decl":{"start":{"line":77,"column":20},"end":{"line":77,"column":21}},"loc":{"start":{"line":77,"column":37},"end":{"line":79,"column":13}},"line":77},"7":{"name":"(anonymous_7)","decl":{"start":{"line":87,"column":11},"end":{"line":87,"column":12}},"loc":{"start":{"line":87,"column":17},"end":{"line":136,"column":5}},"line":87},"8":{"name":"(anonymous_8)","decl":{"start":{"line":122,"column":70},"end":{"line":122,"column":71}},"loc":{"start":{"line":122,"column":76},"end":{"line":134,"column":9}},"line":122}},"branchMap":{"0":{"loc":{"start":{"line":52,"column":8},"end":{"line":68,"column":9}},"type":"if","locations":[{"start":{"line":52,"column":8},"end":{"line":68,"column":9}},{"start":{"line":54,"column":15},"end":{"line":68,"column":9}}],"line":52},"1":{"loc":{"start":{"line":54,"column":15},"end":{"line":68,"column":9}},"type":"if","locations":[{"start":{"line":54,"column":15},"end":{"line":68,"column":9}},{"start":{"line":56,"column":15},"end":{"line":68,"column":9}}],"line":54},"2":{"loc":{"start":{"line":56,"column":15},"end":{"line":68,"column":9}},"type":"if","locations":[{"start":{"line":56,"column":15},"end":{"line":68,"column":9}},{"start":{"line":58,"column":15},"end":{"line":68,"column":9}}],"line":56},"3":{"loc":{"start":{"line":58,"column":15},"end":{"line":68,"column":9}},"type":"if","locations":[{"start":{"line":58,"column":15},"end":{"line":68,"column":9}},{"start":{"line":60,"column":15},"end":{"line":68,"column":9}}],"line":58},"4":{"loc":{"start":{"line":60,"column":15},"end":{"line":68,"column":9}},"type":"if","locations":[{"start":{"line":60,"column":15},"end":{"line":68,"column":9}},{"start":{"line":62,"column":15},"end":{"line":68,"column":9}}],"line":60},"5":{"loc":{"start":{"line":62,"column":15},"end":{"line":68,"column":9}},"type":"if","locations":[{"start":{"line":62,"column":15},"end":{"line":68,"column":9}},{"start":{"line":64,"column":15},"end":{"line":68,"column":9}}],"line":62},"6":{"loc":{"start":{"line":64,"column":15},"end":{"line":68,"column":9}},"type":"if","locations":[{"start":{"line":64,"column":15},"end":{"line":68,"column":9}},{"start":{"line":66,"column":15},"end":{"line":68,"column":9}}],"line":64}},"s":{"0":1,"1":1,"2":1,"3":1,"4":1,"5":7,"6":18,"7":7,"8":7,"9":7,"10":1,"11":1,"12":0,"13":0,"14":0,"15":0,"16":0,"17":0,"18":0,"19":0,"20":0,"21":0,"22":0,"23":0,"24":0,"25":0,"26":0,"27":0,"28":1,"29":0,"30":0,"31":0,"32":0,"33":1,"34":0,"35":0,"36":0,"37":0,"38":0,"39":0,"40":0,"41":0,"42":0,"43":0,"44":0,"45":0,"46":0,"47":0,"48":0,"49":0,"50":0,"51":0},"f":{"0":1,"1":7,"2":18,"3":0,"4":0,"5":0,"6":0,"7":0,"8":0},"b":{"0":[0,0],"1":[0,0],"2":[0,0],"3":[0,0],"4":[0,0],"5":[0,0],"6":[0,0]},"_coverageSchema":"1a1c01bbd47fc00a2c39e90264f33305004495a9","hash":"464bd6000a9797fa3c20a0d1e6d68e68b4916721"}
,"C:\\Users\\prak4\\Desktop\\XT_02_Project\\meetings-app-prak4\\Mock-Project-2\\src\\ts\\pages\\display-teams-page.ts": {"path":"C:\\Users\\prak4\\Desktop\\XT_02_Project\\meetings-app-prak4\\Mock-Project-2\\src\\ts\\pages\\display-teams-page.ts","statementMap":{"0":{"start":{"line":16,"column":23},"end":{"line":16,"column":25}},"1":{"start":{"line":17,"column":36},"end":{"line":17,"column":40}},"2":{"start":{"line":18,"column":39},"end":{"line":18,"column":43}},"3":{"start":{"line":19,"column":44},"end":{"line":19,"column":48}},"4":{"start":{"line":20,"column":49},"end":{"line":20,"column":53}},"5":{"start":{"line":21,"column":45},"end":{"line":21,"column":49}},"6":{"start":{"line":23,"column":17},"end":{"line":65,"column":5}},"7":{"start":{"line":24,"column":28},"end":{"line":24,"column":85}},"8":{"start":{"line":25,"column":21},"end":{"line":25,"column":69}},"9":{"start":{"line":26,"column":8},"end":{"line":28,"column":12}},"10":{"start":{"line":27,"column":12},"end":{"line":27,"column":26}},"11":{"start":{"line":29,"column":21},"end":{"line":29,"column":23}},"12":{"start":{"line":30,"column":8},"end":{"line":57,"column":12}},"13":{"start":{"line":31,"column":32},"end":{"line":35,"column":29}},"14":{"start":{"line":33,"column":20},"end":{"line":33,"column":54}},"15":{"start":{"line":36,"column":12},"end":{"line":56,"column":14}},"16":{"start":{"line":58,"column":8},"end":{"line":58,"column":40}},"17":{"start":{"line":60,"column":8},"end":{"line":60,"column":22}},"18":{"start":{"line":61,"column":8},"end":{"line":61,"column":35}},"19":{"start":{"line":62,"column":8},"end":{"line":62,"column":24}},"20":{"start":{"line":63,"column":8},"end":{"line":63,"column":37}},"21":{"start":{"line":64,"column":8},"end":{"line":64,"column":39}},"22":{"start":{"line":67,"column":24},"end":{"line":82,"column":5}},"23":{"start":{"line":68,"column":20},"end":{"line":68,"column":58}},"24":{"start":{"line":69,"column":8},"end":{"line":81,"column":12}},"25":{"start":{"line":70,"column":12},"end":{"line":80,"column":16}},"26":{"start":{"line":71,"column":29},"end":{"line":71,"column":75}},"27":{"start":{"line":72,"column":31},"end":{"line":72,"column":61}},"28":{"start":{"line":73,"column":16},"end":{"line":79,"column":24}},"29":{"start":{"line":75,"column":24},"end":{"line":75,"column":38}},"30":{"start":{"line":78,"column":24},"end":{"line":78,"column":47}},"31":{"start":{"line":84,"column":17},"end":{"line":93,"column":5}},"32":{"start":{"line":85,"column":23},"end":{"line":85,"column":68}},"33":{"start":{"line":86,"column":8},"end":{"line":92,"column":12}},"34":{"start":{"line":87,"column":22},"end":{"line":87,"column":24}},"35":{"start":{"line":88,"column":12},"end":{"line":90,"column":16}},"36":{"start":{"line":89,"column":16},"end":{"line":89,"column":86}},"37":{"start":{"line":91,"column":12},"end":{"line":91,"column":36}},"38":{"start":{"line":95,"column":28},"end":{"line":119,"column":5}},"39":{"start":{"line":96,"column":28},"end":{"line":96,"column":71}},"40":{"start":{"line":98,"column":8},"end":{"line":118,"column":12}},"41":{"start":{"line":99,"column":33},"end":{"line":99,"column":97}},"42":{"start":{"line":100,"column":12},"end":{"line":117,"column":16}},"43":{"start":{"line":101,"column":16},"end":{"line":101,"column":39}},"44":{"start":{"line":102,"column":31},"end":{"line":102,"column":49}},"45":{"start":{"line":103,"column":29},"end":{"line":103,"column":82}},"46":{"start":{"line":104,"column":31},"end":{"line":104,"column":61}},"47":{"start":{"line":106,"column":16},"end":{"line":115,"column":24}},"48":{"start":{"line":108,"column":24},"end":{"line":108,"column":53}},"49":{"start":{"line":110,"column":24},"end":{"line":110,"column":65}},"50":{"start":{"line":111,"column":24},"end":{"line":111,"column":54}},"51":{"start":{"line":114,"column":24},"end":{"line":114,"column":47}},"52":{"start":{"line":123,"column":13},"end":{"line":131,"column":5}},"53":{"start":{"line":124,"column":8},"end":{"line":130,"column":16}},"54":{"start":{"line":126,"column":16},"end":{"line":126,"column":46}},"55":{"start":{"line":129,"column":16},"end":{"line":129,"column":39}},"56":{"start":{"line":134,"column":23},"end":{"line":144,"column":5}},"57":{"start":{"line":135,"column":21},"end":{"line":135,"column":69}},"58":{"start":{"line":136,"column":21},"end":{"line":136,"column":94}},"59":{"start":{"line":137,"column":24},"end":{"line":137,"column":71}},"60":{"start":{"line":138,"column":20},"end":{"line":138,"column":22}},"61":{"start":{"line":139,"column":8},"end":{"line":141,"column":9}},"62":{"start":{"line":140,"column":12},"end":{"line":140,"column":49}},"63":{"start":{"line":142,"column":8},"end":{"line":142,"column":36}},"64":{"start":{"line":143,"column":8},"end":{"line":143,"column":28}},"65":{"start":{"line":146,"column":28},"end":{"line":157,"column":5}},"66":{"start":{"line":147,"column":26},"end":{"line":147,"column":79}},"67":{"start":{"line":148,"column":30},"end":{"line":148,"column":119}},"68":{"start":{"line":149,"column":24},"end":{"line":149,"column":80}},"69":{"start":{"line":150,"column":20},"end":{"line":150,"column":22}},"70":{"start":{"line":151,"column":31},"end":{"line":151,"column":38}},"71":{"start":{"line":152,"column":8},"end":{"line":154,"column":9}},"72":{"start":{"line":153,"column":12},"end":{"line":153,"column":60}},"73":{"start":{"line":155,"column":8},"end":{"line":155,"column":34}},"74":{"start":{"line":156,"column":8},"end":{"line":156,"column":28}},"75":{"start":{"line":158,"column":17},"end":{"line":163,"column":5}},"76":{"start":{"line":159,"column":20},"end":{"line":159,"column":24}},"77":{"start":{"line":160,"column":8},"end":{"line":160,"column":54}},"78":{"start":{"line":161,"column":8},"end":{"line":161,"column":49}},"79":{"start":{"line":162,"column":8},"end":{"line":162,"column":21}},"80":{"start":{"line":165,"column":26},"end":{"line":205,"column":5}},"81":{"start":{"line":166,"column":8},"end":{"line":166,"column":73}},"82":{"start":{"line":167,"column":8},"end":{"line":167,"column":82}},"83":{"start":{"line":168,"column":8},"end":{"line":168,"column":92}},"84":{"start":{"line":169,"column":8},"end":{"line":169,"column":98}},"85":{"start":{"line":170,"column":8},"end":{"line":170,"column":89}},"86":{"start":{"line":171,"column":8},"end":{"line":171,"column":104}},"87":{"start":{"line":172,"column":8},"end":{"line":172,"column":103}},"88":{"start":{"line":173,"column":8},"end":{"line":173,"column":94}},"89":{"start":{"line":174,"column":8},"end":{"line":174,"column":93}},"90":{"start":{"line":177,"column":8},"end":{"line":204,"column":12}},"91":{"start":{"line":178,"column":12},"end":{"line":178,"column":35}},"92":{"start":{"line":179,"column":25},"end":{"line":179,"column":73}},"93":{"start":{"line":180,"column":30},"end":{"line":180,"column":83}},"94":{"start":{"line":181,"column":32},"end":{"line":181,"column":90}},"95":{"start":{"line":182,"column":31},"end":{"line":182,"column":78}},"96":{"start":{"line":184,"column":38},"end":{"line":189,"column":13}},"97":{"start":{"line":191,"column":12},"end":{"line":203,"column":13}},"98":{"start":{"line":192,"column":16},"end":{"line":202,"column":24}},"99":{"start":{"line":194,"column":24},"end":{"line":194,"column":56}},"100":{"start":{"line":195,"column":24},"end":{"line":195,"column":66}},"101":{"start":{"line":197,"column":24},"end":{"line":197,"column":64}},"102":{"start":{"line":198,"column":24},"end":{"line":198,"column":54}},"103":{"start":{"line":201,"column":24},"end":{"line":201,"column":47}},"104":{"start":{"line":207,"column":14},"end":{"line":216,"column":5}},"105":{"start":{"line":208,"column":8},"end":{"line":215,"column":16}},"106":{"start":{"line":210,"column":16},"end":{"line":210,"column":41}},"107":{"start":{"line":211,"column":16},"end":{"line":211,"column":45}},"108":{"start":{"line":214,"column":16},"end":{"line":214,"column":39}},"109":{"start":{"line":218,"column":10},"end":{"line":223,"column":5}},"110":{"start":{"line":219,"column":8},"end":{"line":219,"column":25}},"111":{"start":{"line":220,"column":8},"end":{"line":220,"column":37}},"112":{"start":{"line":221,"column":8},"end":{"line":221,"column":18}}},"fnMap":{"0":{"name":"(anonymous_0)","decl":{"start":{"line":23,"column":17},"end":{"line":23,"column":18}},"loc":{"start":{"line":23,"column":40},"end":{"line":65,"column":5}},"line":23},"1":{"name":"(anonymous_1)","decl":{"start":{"line":26,"column":22},"end":{"line":26,"column":23}},"loc":{"start":{"line":26,"column":40},"end":{"line":28,"column":9}},"line":26},"2":{"name":"(anonymous_2)","decl":{"start":{"line":30,"column":26},"end":{"line":30,"column":27}},"loc":{"start":{"line":30,"column":44},"end":{"line":57,"column":9}},"line":30},"3":{"name":"(anonymous_3)","decl":{"start":{"line":32,"column":22},"end":{"line":32,"column":23}},"loc":{"start":{"line":32,"column":42},"end":{"line":34,"column":17}},"line":32},"4":{"name":"(anonymous_4)","decl":{"start":{"line":67,"column":24},"end":{"line":67,"column":25}},"loc":{"start":{"line":67,"column":29},"end":{"line":82,"column":5}},"line":67},"5":{"name":"(anonymous_5)","decl":{"start":{"line":69,"column":21},"end":{"line":69,"column":22}},"loc":{"start":{"line":69,"column":31},"end":{"line":81,"column":9}},"line":69},"6":{"name":"(anonymous_6)","decl":{"start":{"line":70,"column":44},"end":{"line":70,"column":45}},"loc":{"start":{"line":70,"column":50},"end":{"line":80,"column":13}},"line":70},"7":{"name":"(anonymous_7)","decl":{"start":{"line":74,"column":27},"end":{"line":74,"column":28}},"loc":{"start":{"line":74,"column":33},"end":{"line":76,"column":21}},"line":74},"8":{"name":"(anonymous_8)","decl":{"start":{"line":77,"column":28},"end":{"line":77,"column":29}},"loc":{"start":{"line":77,"column":40},"end":{"line":79,"column":21}},"line":77},"9":{"name":"(anonymous_9)","decl":{"start":{"line":84,"column":17},"end":{"line":84,"column":18}},"loc":{"start":{"line":84,"column":41},"end":{"line":93,"column":5}},"line":84},"10":{"name":"(anonymous_10)","decl":{"start":{"line":86,"column":24},"end":{"line":86,"column":25}},"loc":{"start":{"line":86,"column":44},"end":{"line":92,"column":9}},"line":86},"11":{"name":"(anonymous_11)","decl":{"start":{"line":88,"column":30},"end":{"line":88,"column":31}},"loc":{"start":{"line":88,"column":53},"end":{"line":90,"column":13}},"line":88},"12":{"name":"(anonymous_12)","decl":{"start":{"line":95,"column":28},"end":{"line":95,"column":29}},"loc":{"start":{"line":95,"column":33},"end":{"line":119,"column":5}},"line":95},"13":{"name":"(anonymous_13)","decl":{"start":{"line":98,"column":29},"end":{"line":98,"column":30}},"loc":{"start":{"line":98,"column":53},"end":{"line":118,"column":9}},"line":98},"14":{"name":"(anonymous_14)","decl":{"start":{"line":100,"column":51},"end":{"line":100,"column":52}},"loc":{"start":{"line":100,"column":70},"end":{"line":117,"column":13}},"line":100},"15":{"name":"(anonymous_15)","decl":{"start":{"line":107,"column":27},"end":{"line":107,"column":28}},"loc":{"start":{"line":107,"column":47},"end":{"line":112,"column":21}},"line":107},"16":{"name":"(anonymous_16)","decl":{"start":{"line":113,"column":28},"end":{"line":113,"column":29}},"loc":{"start":{"line":113,"column":40},"end":{"line":115,"column":21}},"line":113},"17":{"name":"(anonymous_17)","decl":{"start":{"line":123,"column":13},"end":{"line":123,"column":14}},"loc":{"start":{"line":123,"column":18},"end":{"line":131,"column":5}},"line":123},"18":{"name":"(anonymous_18)","decl":{"start":{"line":125,"column":19},"end":{"line":125,"column":20}},"loc":{"start":{"line":125,"column":34},"end":{"line":127,"column":13}},"line":125},"19":{"name":"(anonymous_19)","decl":{"start":{"line":128,"column":20},"end":{"line":128,"column":21}},"loc":{"start":{"line":128,"column":32},"end":{"line":130,"column":13}},"line":128},"20":{"name":"(anonymous_20)","decl":{"start":{"line":134,"column":23},"end":{"line":134,"column":24}},"loc":{"start":{"line":134,"column":29},"end":{"line":144,"column":5}},"line":134},"21":{"name":"(anonymous_21)","decl":{"start":{"line":146,"column":28},"end":{"line":146,"column":29}},"loc":{"start":{"line":146,"column":33},"end":{"line":157,"column":5}},"line":146},"22":{"name":"(anonymous_22)","decl":{"start":{"line":158,"column":17},"end":{"line":158,"column":18}},"loc":{"start":{"line":158,"column":23},"end":{"line":163,"column":5}},"line":158},"23":{"name":"(anonymous_23)","decl":{"start":{"line":165,"column":26},"end":{"line":165,"column":27}},"loc":{"start":{"line":165,"column":31},"end":{"line":205,"column":5}},"line":165},"24":{"name":"(anonymous_24)","decl":{"start":{"line":177,"column":70},"end":{"line":177,"column":71}},"loc":{"start":{"line":177,"column":82},"end":{"line":204,"column":9}},"line":177},"25":{"name":"(anonymous_25)","decl":{"start":{"line":193,"column":27},"end":{"line":193,"column":28}},"loc":{"start":{"line":193,"column":57},"end":{"line":199,"column":21}},"line":193},"26":{"name":"(anonymous_26)","decl":{"start":{"line":200,"column":28},"end":{"line":200,"column":29}},"loc":{"start":{"line":200,"column":47},"end":{"line":202,"column":21}},"line":200},"27":{"name":"(anonymous_27)","decl":{"start":{"line":207,"column":14},"end":{"line":207,"column":15}},"loc":{"start":{"line":207,"column":19},"end":{"line":216,"column":5}},"line":207},"28":{"name":"(anonymous_28)","decl":{"start":{"line":209,"column":19},"end":{"line":209,"column":20}},"loc":{"start":{"line":209,"column":34},"end":{"line":212,"column":13}},"line":209},"29":{"name":"(anonymous_29)","decl":{"start":{"line":213,"column":20},"end":{"line":213,"column":21}},"loc":{"start":{"line":213,"column":32},"end":{"line":215,"column":13}},"line":213},"30":{"name":"(anonymous_30)","decl":{"start":{"line":218,"column":10},"end":{"line":218,"column":11}},"loc":{"start":{"line":218,"column":15},"end":{"line":223,"column":5}},"line":218}},"branchMap":{"0":{"loc":{"start":{"line":139,"column":8},"end":{"line":141,"column":9}},"type":"if","locations":[{"start":{"line":139,"column":8},"end":{"line":141,"column":9}},{"start":{},"end":{}}],"line":139},"1":{"loc":{"start":{"line":139,"column":12},"end":{"line":139,"column":39}},"type":"binary-expr","locations":[{"start":{"line":139,"column":12},"end":{"line":139,"column":25}},{"start":{"line":139,"column":29},"end":{"line":139,"column":39}}],"line":139},"2":{"loc":{"start":{"line":152,"column":8},"end":{"line":154,"column":9}},"type":"if","locations":[{"start":{"line":152,"column":8},"end":{"line":154,"column":9}},{"start":{},"end":{}}],"line":152},"3":{"loc":{"start":{"line":160,"column":16},"end":{"line":160,"column":53}},"type":"binary-expr","locations":[{"start":{"line":160,"column":16},"end":{"line":160,"column":44}},{"start":{"line":160,"column":48},"end":{"line":160,"column":53}}],"line":160},"4":{"loc":{"start":{"line":161,"column":16},"end":{"line":161,"column":48}},"type":"binary-expr","locations":[{"start":{"line":161,"column":16},"end":{"line":161,"column":39}},{"start":{"line":161,"column":43},"end":{"line":161,"column":48}}],"line":161},"5":{"loc":{"start":{"line":191,"column":12},"end":{"line":203,"column":13}},"type":"if","locations":[{"start":{"line":191,"column":12},"end":{"line":203,"column":13}},{"start":{},"end":{}}],"line":191}},"s":{"0":1,"1":1,"2":1,"3":1,"4":1,"5":1,"6":1,"7":1,"8":1,"9":1,"10":0,"11":1,"12":1,"13":3,"14":7,"15":3,"16":1,"17":1,"18":1,"19":1,"20":1,"21":1,"22":1,"23":0,"24":0,"25":0,"26":0,"27":0,"28":0,"29":0,"30":0,"31":1,"32":0,"33":0,"34":0,"35":0,"36":0,"37":0,"38":1,"39":0,"40":0,"41":0,"42":0,"43":0,"44":0,"45":0,"46":0,"47":0,"48":0,"49":0,"50":0,"51":0,"52":1,"53":0,"54":0,"55":0,"56":1,"57":0,"58":0,"59":0,"60":0,"61":0,"62":0,"63":0,"64":0,"65":1,"66":0,"67":0,"68":0,"69":0,"70":0,"71":0,"72":0,"73":0,"74":0,"75":1,"76":0,"77":0,"78":0,"79":0,"80":1,"81":0,"82":0,"83":0,"84":0,"85":0,"86":0,"87":0,"88":0,"89":0,"90":0,"91":0,"92":0,"93":0,"94":0,"95":0,"96":0,"97":0,"98":0,"99":0,"100":0,"101":0,"102":0,"103":0,"104":1,"105":0,"106":0,"107":0,"108":0,"109":1,"110":0,"111":0,"112":0},"f":{"0":1,"1":0,"2":3,"3":7,"4":0,"5":0,"6":0,"7":0,"8":0,"9":0,"10":0,"11":0,"12":0,"13":0,"14":0,"15":0,"16":0,"17":0,"18":0,"19":0,"20":0,"21":0,"22":0,"23":0,"24":0,"25":0,"26":0,"27":0,"28":0,"29":0,"30":0},"b":{"0":[0,0],"1":[0,0],"2":[0,0],"3":[0,0],"4":[0,0],"5":[0,0]},"_coverageSchema":"1a1c01bbd47fc00a2c39e90264f33305004495a9","hash":"a0a2d6e6738d903aba2de70614ccd9b9bd9017bf"}
,"C:\\Users\\prak4\\Desktop\\XT_02_Project\\meetings-app-prak4\\Mock-Project-2\\src\\ts\\pages\\filter-meeting.ts": {"path":"C:\\Users\\prak4\\Desktop\\XT_02_Project\\meetings-app-prak4\\Mock-Project-2\\src\\ts\\pages\\filter-meeting.ts","statementMap":{"0":{"start":{"line":14,"column":33},"end":{"line":14,"column":35}},"1":{"start":{"line":16,"column":24},"end":{"line":28,"column":5}},"2":{"start":{"line":17,"column":21},"end":{"line":17,"column":80}},"3":{"start":{"line":18,"column":21},"end":{"line":18,"column":75}},"4":{"start":{"line":19,"column":23},"end":{"line":21,"column":32}},"5":{"start":{"line":22,"column":8},"end":{"line":27,"column":12}},"6":{"start":{"line":23,"column":12},"end":{"line":23,"column":35}},"7":{"start":{"line":24,"column":30},"end":{"line":24,"column":40}},"8":{"start":{"line":25,"column":32},"end":{"line":25,"column":51}},"9":{"start":{"line":26,"column":12},"end":{"line":26,"column":61}},"10":{"start":{"line":30,"column":25},"end":{"line":94,"column":5}},"11":{"start":{"line":31,"column":27},"end":{"line":31,"column":85}},"12":{"start":{"line":32,"column":21},"end":{"line":32,"column":23}},"13":{"start":{"line":33,"column":8},"end":{"line":89,"column":12}},"14":{"start":{"line":34,"column":25},"end":{"line":34,"column":82}},"15":{"start":{"line":35,"column":24},"end":{"line":35,"column":51}},"16":{"start":{"line":37,"column":24},"end":{"line":37,"column":51}},"17":{"start":{"line":38,"column":12},"end":{"line":62,"column":13}},"18":{"start":{"line":39,"column":16},"end":{"line":39,"column":34}},"19":{"start":{"line":40,"column":19},"end":{"line":62,"column":13}},"20":{"start":{"line":41,"column":16},"end":{"line":41,"column":35}},"21":{"start":{"line":42,"column":19},"end":{"line":62,"column":13}},"22":{"start":{"line":43,"column":16},"end":{"line":43,"column":32}},"23":{"start":{"line":44,"column":19},"end":{"line":62,"column":13}},"24":{"start":{"line":45,"column":16},"end":{"line":45,"column":32}},"25":{"start":{"line":46,"column":19},"end":{"line":62,"column":13}},"26":{"start":{"line":47,"column":16},"end":{"line":47,"column":30}},"27":{"start":{"line":48,"column":19},"end":{"line":62,"column":13}},"28":{"start":{"line":49,"column":16},"end":{"line":49,"column":31}},"29":{"start":{"line":50,"column":19},"end":{"line":62,"column":13}},"30":{"start":{"line":51,"column":16},"end":{"line":51,"column":31}},"31":{"start":{"line":52,"column":19},"end":{"line":62,"column":13}},"32":{"start":{"line":53,"column":16},"end":{"line":53,"column":33}},"33":{"start":{"line":54,"column":19},"end":{"line":62,"column":13}},"34":{"start":{"line":55,"column":16},"end":{"line":55,"column":36}},"35":{"start":{"line":56,"column":19},"end":{"line":62,"column":13}},"36":{"start":{"line":57,"column":16},"end":{"line":57,"column":34}},"37":{"start":{"line":58,"column":19},"end":{"line":62,"column":13}},"38":{"start":{"line":59,"column":16},"end":{"line":59,"column":35}},"39":{"start":{"line":60,"column":19},"end":{"line":62,"column":13}},"40":{"start":{"line":61,"column":16},"end":{"line":61,"column":35}},"41":{"start":{"line":64,"column":32},"end":{"line":68,"column":29}},"42":{"start":{"line":66,"column":20},"end":{"line":66,"column":56}},"43":{"start":{"line":69,"column":12},"end":{"line":88,"column":12}},"44":{"start":{"line":90,"column":8},"end":{"line":90,"column":38}},"45":{"start":{"line":91,"column":8},"end":{"line":91,"column":38}},"46":{"start":{"line":92,"column":8},"end":{"line":92,"column":39}},"47":{"start":{"line":93,"column":8},"end":{"line":93,"column":24}},"48":{"start":{"line":96,"column":29},"end":{"line":111,"column":5}},"49":{"start":{"line":97,"column":20},"end":{"line":97,"column":58}},"50":{"start":{"line":98,"column":8},"end":{"line":110,"column":12}},"51":{"start":{"line":99,"column":12},"end":{"line":109,"column":16}},"52":{"start":{"line":100,"column":29},"end":{"line":100,"column":77}},"53":{"start":{"line":101,"column":31},"end":{"line":101,"column":61}},"54":{"start":{"line":102,"column":16},"end":{"line":108,"column":24}},"55":{"start":{"line":104,"column":24},"end":{"line":104,"column":38}},"56":{"start":{"line":107,"column":24},"end":{"line":107,"column":47}},"57":{"start":{"line":113,"column":19},"end":{"line":122,"column":5}},"58":{"start":{"line":114,"column":23},"end":{"line":114,"column":66}},"59":{"start":{"line":115,"column":8},"end":{"line":121,"column":12}},"60":{"start":{"line":116,"column":22},"end":{"line":116,"column":24}},"61":{"start":{"line":117,"column":12},"end":{"line":119,"column":16}},"62":{"start":{"line":118,"column":16},"end":{"line":118,"column":86}},"63":{"start":{"line":120,"column":12},"end":{"line":120,"column":36}},"64":{"start":{"line":124,"column":30},"end":{"line":152,"column":5}},"65":{"start":{"line":125,"column":28},"end":{"line":125,"column":71}},"66":{"start":{"line":127,"column":8},"end":{"line":151,"column":12}},"67":{"start":{"line":128,"column":33},"end":{"line":130,"column":33}},"68":{"start":{"line":131,"column":12},"end":{"line":150,"column":16}},"69":{"start":{"line":132,"column":16},"end":{"line":132,"column":39}},"70":{"start":{"line":133,"column":31},"end":{"line":133,"column":49}},"71":{"start":{"line":134,"column":29},"end":{"line":134,"column":84}},"72":{"start":{"line":135,"column":31},"end":{"line":135,"column":61}},"73":{"start":{"line":137,"column":16},"end":{"line":148,"column":24}},"74":{"start":{"line":139,"column":24},"end":{"line":139,"column":61}},"75":{"start":{"line":140,"column":24},"end":{"line":140,"column":68}},"76":{"start":{"line":142,"column":24},"end":{"line":142,"column":74}},"77":{"start":{"line":143,"column":24},"end":{"line":143,"column":54}},"78":{"start":{"line":147,"column":24},"end":{"line":147,"column":47}},"79":{"start":{"line":154,"column":15},"end":{"line":162,"column":5}},"80":{"start":{"line":155,"column":8},"end":{"line":161,"column":16}},"81":{"start":{"line":157,"column":16},"end":{"line":157,"column":46}},"82":{"start":{"line":160,"column":16},"end":{"line":160,"column":39}},"83":{"start":{"line":164,"column":24},"end":{"line":173,"column":5}},"84":{"start":{"line":165,"column":8},"end":{"line":172,"column":16}},"85":{"start":{"line":167,"column":16},"end":{"line":167,"column":47}},"86":{"start":{"line":168,"column":16},"end":{"line":168,"column":52}},"87":{"start":{"line":171,"column":16},"end":{"line":171,"column":39}},"88":{"start":{"line":174,"column":11},"end":{"line":177,"column":5}},"89":{"start":{"line":175,"column":8},"end":{"line":175,"column":33}},"90":{"start":{"line":176,"column":8},"end":{"line":176,"column":18}}},"fnMap":{"0":{"name":"(anonymous_0)","decl":{"start":{"line":16,"column":24},"end":{"line":16,"column":25}},"loc":{"start":{"line":16,"column":30},"end":{"line":28,"column":5}},"line":16},"1":{"name":"(anonymous_1)","decl":{"start":{"line":22,"column":41},"end":{"line":22,"column":42}},"loc":{"start":{"line":22,"column":54},"end":{"line":27,"column":9}},"line":22},"2":{"name":"(anonymous_2)","decl":{"start":{"line":30,"column":25},"end":{"line":30,"column":26}},"loc":{"start":{"line":30,"column":52},"end":{"line":94,"column":5}},"line":30},"3":{"name":"(anonymous_3)","decl":{"start":{"line":33,"column":25},"end":{"line":33,"column":26}},"loc":{"start":{"line":33,"column":43},"end":{"line":89,"column":9}},"line":33},"4":{"name":"(anonymous_4)","decl":{"start":{"line":65,"column":22},"end":{"line":65,"column":23}},"loc":{"start":{"line":65,"column":36},"end":{"line":67,"column":17}},"line":65},"5":{"name":"(anonymous_5)","decl":{"start":{"line":96,"column":29},"end":{"line":96,"column":30}},"loc":{"start":{"line":96,"column":35},"end":{"line":111,"column":5}},"line":96},"6":{"name":"(anonymous_6)","decl":{"start":{"line":98,"column":21},"end":{"line":98,"column":22}},"loc":{"start":{"line":98,"column":38},"end":{"line":110,"column":9}},"line":98},"7":{"name":"(anonymous_7)","decl":{"start":{"line":99,"column":44},"end":{"line":99,"column":45}},"loc":{"start":{"line":99,"column":51},"end":{"line":109,"column":13}},"line":99},"8":{"name":"(anonymous_8)","decl":{"start":{"line":103,"column":27},"end":{"line":103,"column":28}},"loc":{"start":{"line":103,"column":34},"end":{"line":105,"column":21}},"line":103},"9":{"name":"(anonymous_9)","decl":{"start":{"line":106,"column":28},"end":{"line":106,"column":29}},"loc":{"start":{"line":106,"column":47},"end":{"line":108,"column":21}},"line":106},"10":{"name":"(anonymous_10)","decl":{"start":{"line":113,"column":19},"end":{"line":113,"column":20}},"loc":{"start":{"line":113,"column":45},"end":{"line":122,"column":5}},"line":113},"11":{"name":"(anonymous_11)","decl":{"start":{"line":115,"column":24},"end":{"line":115,"column":25}},"loc":{"start":{"line":115,"column":44},"end":{"line":121,"column":9}},"line":115},"12":{"name":"(anonymous_12)","decl":{"start":{"line":117,"column":30},"end":{"line":117,"column":31}},"loc":{"start":{"line":117,"column":47},"end":{"line":119,"column":13}},"line":117},"13":{"name":"(anonymous_13)","decl":{"start":{"line":124,"column":30},"end":{"line":124,"column":31}},"loc":{"start":{"line":124,"column":36},"end":{"line":152,"column":5}},"line":124},"14":{"name":"(anonymous_14)","decl":{"start":{"line":127,"column":29},"end":{"line":127,"column":30}},"loc":{"start":{"line":127,"column":53},"end":{"line":151,"column":9}},"line":127},"15":{"name":"(anonymous_15)","decl":{"start":{"line":131,"column":51},"end":{"line":131,"column":52}},"loc":{"start":{"line":131,"column":64},"end":{"line":150,"column":13}},"line":131},"16":{"name":"(anonymous_16)","decl":{"start":{"line":138,"column":27},"end":{"line":138,"column":28}},"loc":{"start":{"line":138,"column":62},"end":{"line":145,"column":21}},"line":138},"17":{"name":"(anonymous_17)","decl":{"start":{"line":146,"column":28},"end":{"line":146,"column":29}},"loc":{"start":{"line":146,"column":47},"end":{"line":148,"column":21}},"line":146},"18":{"name":"(anonymous_18)","decl":{"start":{"line":154,"column":15},"end":{"line":154,"column":16}},"loc":{"start":{"line":154,"column":21},"end":{"line":162,"column":5}},"line":154},"19":{"name":"(anonymous_19)","decl":{"start":{"line":156,"column":19},"end":{"line":156,"column":20}},"loc":{"start":{"line":156,"column":35},"end":{"line":158,"column":13}},"line":156},"20":{"name":"(anonymous_20)","decl":{"start":{"line":159,"column":20},"end":{"line":159,"column":21}},"loc":{"start":{"line":159,"column":39},"end":{"line":161,"column":13}},"line":159},"21":{"name":"(anonymous_21)","decl":{"start":{"line":164,"column":24},"end":{"line":164,"column":25}},"loc":{"start":{"line":164,"column":64},"end":{"line":173,"column":5}},"line":164},"22":{"name":"(anonymous_22)","decl":{"start":{"line":166,"column":19},"end":{"line":166,"column":20}},"loc":{"start":{"line":166,"column":35},"end":{"line":169,"column":13}},"line":166},"23":{"name":"(anonymous_23)","decl":{"start":{"line":170,"column":20},"end":{"line":170,"column":21}},"loc":{"start":{"line":170,"column":33},"end":{"line":172,"column":13}},"line":170},"24":{"name":"(anonymous_24)","decl":{"start":{"line":174,"column":11},"end":{"line":174,"column":12}},"loc":{"start":{"line":174,"column":17},"end":{"line":177,"column":5}},"line":174}},"branchMap":{"0":{"loc":{"start":{"line":38,"column":12},"end":{"line":62,"column":13}},"type":"if","locations":[{"start":{"line":38,"column":12},"end":{"line":62,"column":13}},{"start":{"line":40,"column":19},"end":{"line":62,"column":13}}],"line":38},"1":{"loc":{"start":{"line":40,"column":19},"end":{"line":62,"column":13}},"type":"if","locations":[{"start":{"line":40,"column":19},"end":{"line":62,"column":13}},{"start":{"line":42,"column":19},"end":{"line":62,"column":13}}],"line":40},"2":{"loc":{"start":{"line":42,"column":19},"end":{"line":62,"column":13}},"type":"if","locations":[{"start":{"line":42,"column":19},"end":{"line":62,"column":13}},{"start":{"line":44,"column":19},"end":{"line":62,"column":13}}],"line":42},"3":{"loc":{"start":{"line":44,"column":19},"end":{"line":62,"column":13}},"type":"if","locations":[{"start":{"line":44,"column":19},"end":{"line":62,"column":13}},{"start":{"line":46,"column":19},"end":{"line":62,"column":13}}],"line":44},"4":{"loc":{"start":{"line":46,"column":19},"end":{"line":62,"column":13}},"type":"if","locations":[{"start":{"line":46,"column":19},"end":{"line":62,"column":13}},{"start":{"line":48,"column":19},"end":{"line":62,"column":13}}],"line":46},"5":{"loc":{"start":{"line":48,"column":19},"end":{"line":62,"column":13}},"type":"if","locations":[{"start":{"line":48,"column":19},"end":{"line":62,"column":13}},{"start":{"line":50,"column":19},"end":{"line":62,"column":13}}],"line":48},"6":{"loc":{"start":{"line":50,"column":19},"end":{"line":62,"column":13}},"type":"if","locations":[{"start":{"line":50,"column":19},"end":{"line":62,"column":13}},{"start":{"line":52,"column":19},"end":{"line":62,"column":13}}],"line":50},"7":{"loc":{"start":{"line":52,"column":19},"end":{"line":62,"column":13}},"type":"if","locations":[{"start":{"line":52,"column":19},"end":{"line":62,"column":13}},{"start":{"line":54,"column":19},"end":{"line":62,"column":13}}],"line":52},"8":{"loc":{"start":{"line":54,"column":19},"end":{"line":62,"column":13}},"type":"if","locations":[{"start":{"line":54,"column":19},"end":{"line":62,"column":13}},{"start":{"line":56,"column":19},"end":{"line":62,"column":13}}],"line":54},"9":{"loc":{"start":{"line":56,"column":19},"end":{"line":62,"column":13}},"type":"if","locations":[{"start":{"line":56,"column":19},"end":{"line":62,"column":13}},{"start":{"line":58,"column":19},"end":{"line":62,"column":13}}],"line":56},"10":{"loc":{"start":{"line":58,"column":19},"end":{"line":62,"column":13}},"type":"if","locations":[{"start":{"line":58,"column":19},"end":{"line":62,"column":13}},{"start":{"line":60,"column":19},"end":{"line":62,"column":13}}],"line":58},"11":{"loc":{"start":{"line":60,"column":19},"end":{"line":62,"column":13}},"type":"if","locations":[{"start":{"line":60,"column":19},"end":{"line":62,"column":13}},{"start":{},"end":{}}],"line":60}},"s":{"0":1,"1":1,"2":0,"3":0,"4":0,"5":0,"6":0,"7":0,"8":0,"9":0,"10":1,"11":1,"12":1,"13":1,"14":7,"15":7,"16":7,"17":7,"18":0,"19":7,"20":0,"21":7,"22":0,"23":7,"24":0,"25":7,"26":0,"27":7,"28":0,"29":7,"30":0,"31":7,"32":6,"33":1,"34":0,"35":1,"36":1,"37":0,"38":0,"39":0,"40":0,"41":7,"42":18,"43":7,"44":1,"45":1,"46":1,"47":1,"48":1,"49":0,"50":0,"51":0,"52":0,"53":0,"54":0,"55":0,"56":0,"57":1,"58":0,"59":0,"60":0,"61":0,"62":0,"63":0,"64":1,"65":1,"66":1,"67":7,"68":7,"69":0,"70":0,"71":0,"72":0,"73":0,"74":0,"75":0,"76":0,"77":0,"78":0,"79":1,"80":0,"81":0,"82":0,"83":1,"84":0,"85":0,"86":0,"87":0,"88":1,"89":0,"90":0},"f":{"0":0,"1":0,"2":1,"3":7,"4":18,"5":0,"6":0,"7":0,"8":0,"9":0,"10":0,"11":0,"12":0,"13":1,"14":7,"15":0,"16":0,"17":0,"18":0,"19":0,"20":0,"21":0,"22":0,"23":0,"24":0},"b":{"0":[0,7],"1":[0,7],"2":[0,7],"3":[0,7],"4":[0,7],"5":[0,7],"6":[0,7],"7":[6,1],"8":[0,1],"9":[1,0],"10":[0,0],"11":[0,0]},"_coverageSchema":"1a1c01bbd47fc00a2c39e90264f33305004495a9","hash":"5c97edd9189a0a08a458d69cf4d535871248c42c"}
,"C:\\Users\\prak4\\Desktop\\XT_02_Project\\meetings-app-prak4\\Mock-Project-2\\src\\ts\\pages\\teams-plus.ts": {"path":"C:\\Users\\prak4\\Desktop\\XT_02_Project\\meetings-app-prak4\\Mock-Project-2\\src\\ts\\pages\\teams-plus.ts","statementMap":{"0":{"start":{"line":1,"column":18},"end":{"line":8,"column":1}},"1":{"start":{"line":2,"column":21},"end":{"line":2,"column":74}},"2":{"start":{"line":3,"column":27},"end":{"line":3,"column":83}},"3":{"start":{"line":4,"column":4},"end":{"line":7,"column":8}},"4":{"start":{"line":5,"column":8},"end":{"line":5,"column":55}},"5":{"start":{"line":6,"column":8},"end":{"line":6,"column":46}}},"fnMap":{"0":{"name":"(anonymous_0)","decl":{"start":{"line":1,"column":18},"end":{"line":1,"column":19}},"loc":{"start":{"line":1,"column":23},"end":{"line":8,"column":1}},"line":1},"1":{"name":"(anonymous_1)","decl":{"start":{"line":4,"column":40},"end":{"line":4,"column":41}},"loc":{"start":{"line":4,"column":46},"end":{"line":7,"column":5}},"line":4}},"branchMap":{},"s":{"0":4,"1":0,"2":0,"3":0,"4":0,"5":0},"f":{"0":0,"1":0},"b":{},"_coverageSchema":"1a1c01bbd47fc00a2c39e90264f33305004495a9","hash":"bac1c4af5784b1bf7c1b9c541a20eaba7719a264"}
,"C:\\Users\\prak4\\Desktop\\XT_02_Project\\meetings-app-prak4\\Mock-Project-2\\src\\ts\\services\\auth-add-meeting.ts": {"path":"C:\\Users\\prak4\\Desktop\\XT_02_Project\\meetings-app-prak4\\Mock-Project-2\\src\\ts\\services\\auth-add-meeting.ts","statementMap":{"0":{"start":{"line":5,"column":23},"end":{"line":5,"column":29}},"1":{"start":{"line":8,"column":4},"end":{"line":22,"column":8}},"2":{"start":{"line":16,"column":8},"end":{"line":19,"column":9}},"3":{"start":{"line":18,"column":12},"end":{"line":18,"column":51}},"4":{"start":{"line":21,"column":8},"end":{"line":21,"column":31}}},"fnMap":{"0":{"name":"addMeetings","decl":{"start":{"line":7,"column":9},"end":{"line":7,"column":20}},"loc":{"start":{"line":7,"column":48},"end":{"line":23,"column":1}},"line":7},"1":{"name":"(anonymous_1)","decl":{"start":{"line":15,"column":14},"end":{"line":15,"column":15}},"loc":{"start":{"line":15,"column":36},"end":{"line":22,"column":5}},"line":15}},"branchMap":{"0":{"loc":{"start":{"line":16,"column":8},"end":{"line":19,"column":9}},"type":"if","locations":[{"start":{"line":16,"column":8},"end":{"line":19,"column":9}},{"start":{},"end":{}}],"line":16}},"s":{"0":5,"1":1,"2":1,"3":0,"4":1},"f":{"0":1,"1":1},"b":{"0":[0,1]},"_coverageSchema":"1a1c01bbd47fc00a2c39e90264f33305004495a9","hash":"a5d5c2cba808b8947be1059b747f072679807253"}
,"C:\\Users\\prak4\\Desktop\\XT_02_Project\\meetings-app-prak4\\Mock-Project-2\\src\\ts\\services\\auth-add-teams.ts": {"path":"C:\\Users\\prak4\\Desktop\\XT_02_Project\\meetings-app-prak4\\Mock-Project-2\\src\\ts\\services\\auth-add-teams.ts","statementMap":{"0":{"start":{"line":5,"column":21},"end":{"line":5,"column":27}},"1":{"start":{"line":8,"column":4},"end":{"line":22,"column":8}},"2":{"start":{"line":16,"column":8},"end":{"line":19,"column":9}},"3":{"start":{"line":18,"column":12},"end":{"line":18,"column":51}},"4":{"start":{"line":21,"column":8},"end":{"line":21,"column":31}},"5":{"start":{"line":26,"column":4},"end":{"line":37,"column":8}},"6":{"start":{"line":31,"column":8},"end":{"line":34,"column":9}},"7":{"start":{"line":33,"column":12},"end":{"line":33,"column":51}},"8":{"start":{"line":36,"column":8},"end":{"line":36,"column":31}},"9":{"start":{"line":41,"column":4},"end":{"line":56,"column":8}},"10":{"start":{"line":50,"column":8},"end":{"line":52,"column":9}},"11":{"start":{"line":51,"column":12},"end":{"line":51,"column":51}},"12":{"start":{"line":55,"column":8},"end":{"line":55,"column":25}},"13":{"start":{"line":60,"column":4},"end":{"line":75,"column":8}},"14":{"start":{"line":69,"column":8},"end":{"line":71,"column":9}},"15":{"start":{"line":70,"column":12},"end":{"line":70,"column":51}},"16":{"start":{"line":74,"column":8},"end":{"line":74,"column":25}},"17":{"start":{"line":79,"column":4},"end":{"line":90,"column":8}},"18":{"start":{"line":84,"column":8},"end":{"line":87,"column":9}},"19":{"start":{"line":86,"column":12},"end":{"line":86,"column":51}},"20":{"start":{"line":89,"column":8},"end":{"line":89,"column":31}}},"fnMap":{"0":{"name":"addTeam","decl":{"start":{"line":7,"column":9},"end":{"line":7,"column":16}},"loc":{"start":{"line":7,"column":38},"end":{"line":23,"column":1}},"line":7},"1":{"name":"(anonymous_1)","decl":{"start":{"line":15,"column":14},"end":{"line":15,"column":15}},"loc":{"start":{"line":15,"column":29},"end":{"line":22,"column":5}},"line":15},"2":{"name":"viewTeam","decl":{"start":{"line":25,"column":9},"end":{"line":25,"column":17}},"loc":{"start":{"line":25,"column":20},"end":{"line":38,"column":1}},"line":25},"3":{"name":"(anonymous_3)","decl":{"start":{"line":30,"column":14},"end":{"line":30,"column":15}},"loc":{"start":{"line":30,"column":29},"end":{"line":37,"column":5}},"line":30},"4":{"name":"deleteTeam","decl":{"start":{"line":40,"column":9},"end":{"line":40,"column":19}},"loc":{"start":{"line":40,"column":37},"end":{"line":57,"column":1}},"line":40},"5":{"name":"(anonymous_5)","decl":{"start":{"line":49,"column":12},"end":{"line":49,"column":13}},"loc":{"start":{"line":49,"column":27},"end":{"line":56,"column":5}},"line":49},"6":{"name":"addMember","decl":{"start":{"line":59,"column":9},"end":{"line":59,"column":18}},"loc":{"start":{"line":59,"column":53},"end":{"line":76,"column":1}},"line":59},"7":{"name":"(anonymous_7)","decl":{"start":{"line":68,"column":12},"end":{"line":68,"column":13}},"loc":{"start":{"line":68,"column":27},"end":{"line":75,"column":5}},"line":68},"8":{"name":"fetchUsers","decl":{"start":{"line":78,"column":9},"end":{"line":78,"column":19}},"loc":{"start":{"line":78,"column":22},"end":{"line":91,"column":1}},"line":78},"9":{"name":"(anonymous_9)","decl":{"start":{"line":83,"column":14},"end":{"line":83,"column":15}},"loc":{"start":{"line":83,"column":29},"end":{"line":90,"column":5}},"line":83}},"branchMap":{"0":{"loc":{"start":{"line":16,"column":8},"end":{"line":19,"column":9}},"type":"if","locations":[{"start":{"line":16,"column":8},"end":{"line":19,"column":9}},{"start":{},"end":{}}],"line":16},"1":{"loc":{"start":{"line":31,"column":8},"end":{"line":34,"column":9}},"type":"if","locations":[{"start":{"line":31,"column":8},"end":{"line":34,"column":9}},{"start":{},"end":{}}],"line":31},"2":{"loc":{"start":{"line":50,"column":8},"end":{"line":52,"column":9}},"type":"if","locations":[{"start":{"line":50,"column":8},"end":{"line":52,"column":9}},{"start":{},"end":{}}],"line":50},"3":{"loc":{"start":{"line":69,"column":8},"end":{"line":71,"column":9}},"type":"if","locations":[{"start":{"line":69,"column":8},"end":{"line":71,"column":9}},{"start":{},"end":{}}],"line":69},"4":{"loc":{"start":{"line":84,"column":8},"end":{"line":87,"column":9}},"type":"if","locations":[{"start":{"line":84,"column":8},"end":{"line":87,"column":9}},{"start":{},"end":{}}],"line":84}},"s":{"0":5,"1":1,"2":1,"3":0,"4":1,"5":1,"6":1,"7":0,"8":1,"9":1,"10":1,"11":0,"12":1,"13":0,"14":0,"15":0,"16":0,"17":1,"18":1,"19":0,"20":1},"f":{"0":1,"1":1,"2":1,"3":1,"4":1,"5":1,"6":0,"7":0,"8":1,"9":1},"b":{"0":[0,1],"1":[0,1],"2":[0,1],"3":[0,0],"4":[0,1]},"_coverageSchema":"1a1c01bbd47fc00a2c39e90264f33305004495a9","hash":"a87ba58a079eca85e1e94de484444826e07b9a73"}
,"C:\\Users\\prak4\\Desktop\\XT_02_Project\\meetings-app-prak4\\Mock-Project-2\\src\\ts\\services\\auth-calendar.ts": {"path":"C:\\Users\\prak4\\Desktop\\XT_02_Project\\meetings-app-prak4\\Mock-Project-2\\src\\ts\\services\\auth-calendar.ts","statementMap":{"0":{"start":{"line":5,"column":23},"end":{"line":5,"column":29}},"1":{"start":{"line":7,"column":4},"end":{"line":22,"column":12}},"2":{"start":{"line":16,"column":12},"end":{"line":19,"column":13}},"3":{"start":{"line":18,"column":16},"end":{"line":18,"column":55}},"4":{"start":{"line":20,"column":12},"end":{"line":20,"column":36}},"5":{"start":{"line":21,"column":12},"end":{"line":21,"column":35}}},"fnMap":{"0":{"name":"getCalender","decl":{"start":{"line":6,"column":9},"end":{"line":6,"column":20}},"loc":{"start":{"line":6,"column":44},"end":{"line":23,"column":1}},"line":6},"1":{"name":"(anonymous_1)","decl":{"start":{"line":15,"column":15},"end":{"line":15,"column":16}},"loc":{"start":{"line":15,"column":37},"end":{"line":22,"column":9}},"line":15}},"branchMap":{"0":{"loc":{"start":{"line":16,"column":12},"end":{"line":19,"column":13}},"type":"if","locations":[{"start":{"line":16,"column":12},"end":{"line":19,"column":13}},{"start":{},"end":{}}],"line":16}},"s":{"0":6,"1":1,"2":1,"3":0,"4":1,"5":1},"f":{"0":1,"1":1},"b":{"0":[0,1]},"_coverageSchema":"1a1c01bbd47fc00a2c39e90264f33305004495a9","hash":"f3cf6fdea6c93a7c05c491e5c51d54504aca7e0e"}
,"C:\\Users\\prak4\\Desktop\\XT_02_Project\\meetings-app-prak4\\Mock-Project-2\\src\\ts\\services\\auth-filter.ts": {"path":"C:\\Users\\prak4\\Desktop\\XT_02_Project\\meetings-app-prak4\\Mock-Project-2\\src\\ts\\services\\auth-filter.ts","statementMap":{"0":{"start":{"line":4,"column":21},"end":{"line":4,"column":27}},"1":{"start":{"line":6,"column":4},"end":{"line":21,"column":8}},"2":{"start":{"line":15,"column":8},"end":{"line":18,"column":9}},"3":{"start":{"line":17,"column":12},"end":{"line":17,"column":51}},"4":{"start":{"line":20,"column":8},"end":{"line":20,"column":31}},"5":{"start":{"line":26,"column":4},"end":{"line":41,"column":8}},"6":{"start":{"line":35,"column":8},"end":{"line":37,"column":9}},"7":{"start":{"line":36,"column":12},"end":{"line":36,"column":51}},"8":{"start":{"line":40,"column":8},"end":{"line":40,"column":31}},"9":{"start":{"line":45,"column":4},"end":{"line":60,"column":8}},"10":{"start":{"line":54,"column":8},"end":{"line":56,"column":9}},"11":{"start":{"line":55,"column":12},"end":{"line":55,"column":51}},"12":{"start":{"line":59,"column":8},"end":{"line":59,"column":25}},"13":{"start":{"line":64,"column":4},"end":{"line":75,"column":8}},"14":{"start":{"line":69,"column":8},"end":{"line":72,"column":9}},"15":{"start":{"line":71,"column":12},"end":{"line":71,"column":51}},"16":{"start":{"line":74,"column":8},"end":{"line":74,"column":31}}},"fnMap":{"0":{"name":"filter","decl":{"start":{"line":5,"column":9},"end":{"line":5,"column":15}},"loc":{"start":{"line":5,"column":54},"end":{"line":22,"column":1}},"line":5},"1":{"name":"(anonymous_1)","decl":{"start":{"line":14,"column":12},"end":{"line":14,"column":13}},"loc":{"start":{"line":14,"column":34},"end":{"line":21,"column":5}},"line":14},"2":{"name":"deleteTeam","decl":{"start":{"line":25,"column":9},"end":{"line":25,"column":19}},"loc":{"start":{"line":25,"column":42},"end":{"line":42,"column":1}},"line":25},"3":{"name":"(anonymous_3)","decl":{"start":{"line":34,"column":12},"end":{"line":34,"column":13}},"loc":{"start":{"line":34,"column":34},"end":{"line":41,"column":5}},"line":34},"4":{"name":"addMember","decl":{"start":{"line":44,"column":9},"end":{"line":44,"column":18}},"loc":{"start":{"line":44,"column":59},"end":{"line":61,"column":1}},"line":44},"5":{"name":"(anonymous_5)","decl":{"start":{"line":53,"column":12},"end":{"line":53,"column":13}},"loc":{"start":{"line":53,"column":34},"end":{"line":60,"column":5}},"line":53},"6":{"name":"fetchUsers","decl":{"start":{"line":63,"column":9},"end":{"line":63,"column":19}},"loc":{"start":{"line":63,"column":22},"end":{"line":76,"column":1}},"line":63},"7":{"name":"(anonymous_7)","decl":{"start":{"line":68,"column":14},"end":{"line":68,"column":15}},"loc":{"start":{"line":68,"column":36},"end":{"line":75,"column":5}},"line":68}},"branchMap":{"0":{"loc":{"start":{"line":15,"column":8},"end":{"line":18,"column":9}},"type":"if","locations":[{"start":{"line":15,"column":8},"end":{"line":18,"column":9}},{"start":{},"end":{}}],"line":15},"1":{"loc":{"start":{"line":35,"column":8},"end":{"line":37,"column":9}},"type":"if","locations":[{"start":{"line":35,"column":8},"end":{"line":37,"column":9}},{"start":{},"end":{}}],"line":35},"2":{"loc":{"start":{"line":54,"column":8},"end":{"line":56,"column":9}},"type":"if","locations":[{"start":{"line":54,"column":8},"end":{"line":56,"column":9}},{"start":{},"end":{}}],"line":54},"3":{"loc":{"start":{"line":69,"column":8},"end":{"line":72,"column":9}},"type":"if","locations":[{"start":{"line":69,"column":8},"end":{"line":72,"column":9}},{"start":{},"end":{}}],"line":69}},"s":{"0":5,"1":1,"2":1,"3":0,"4":1,"5":0,"6":0,"7":0,"8":0,"9":0,"10":0,"11":0,"12":0,"13":0,"14":0,"15":0,"16":0},"f":{"0":1,"1":1,"2":0,"3":0,"4":0,"5":0,"6":0,"7":0},"b":{"0":[0,1],"1":[0,0],"2":[0,0],"3":[0,0]},"_coverageSchema":"1a1c01bbd47fc00a2c39e90264f33305004495a9","hash":"c160072775930d0a3a903206945736134322513a"}
,"C:\\Users\\prak4\\Desktop\\XT_02_Project\\meetings-app-prak4\\Mock-Project-2\\src\\ts\\services\\auth-reg.ts": {"path":"C:\\Users\\prak4\\Desktop\\XT_02_Project\\meetings-app-prak4\\Mock-Project-2\\src\\ts\\services\\auth-reg.ts","statementMap":{"0":{"start":{"line":5,"column":21},"end":{"line":5,"column":27}},"1":{"start":{"line":7,"column":4},"end":{"line":21,"column":8}},"2":{"start":{"line":15,"column":8},"end":{"line":18,"column":9}},"3":{"start":{"line":17,"column":12},"end":{"line":17,"column":51}},"4":{"start":{"line":20,"column":8},"end":{"line":20,"column":41}}},"fnMap":{"0":{"name":"register","decl":{"start":{"line":6,"column":9},"end":{"line":6,"column":17}},"loc":{"start":{"line":6,"column":47},"end":{"line":22,"column":1}},"line":6},"1":{"name":"(anonymous_1)","decl":{"start":{"line":14,"column":14},"end":{"line":14,"column":15}},"loc":{"start":{"line":14,"column":36},"end":{"line":21,"column":5}},"line":14}},"branchMap":{"0":{"loc":{"start":{"line":15,"column":8},"end":{"line":18,"column":9}},"type":"if","locations":[{"start":{"line":15,"column":8},"end":{"line":18,"column":9}},{"start":{},"end":{}}],"line":15}},"s":{"0":5,"1":1,"2":1,"3":0,"4":1},"f":{"0":1,"1":1},"b":{"0":[0,1]},"_coverageSchema":"1a1c01bbd47fc00a2c39e90264f33305004495a9","hash":"9d6a537f9bec8b41111d9b785b1a67cc5fdfe42d"}
,"C:\\Users\\prak4\\Desktop\\XT_02_Project\\meetings-app-prak4\\Mock-Project-2\\src\\ts\\services\\auth.ts": {"path":"C:\\Users\\prak4\\Desktop\\XT_02_Project\\meetings-app-prak4\\Mock-Project-2\\src\\ts\\services\\auth.ts","statementMap":{"0":{"start":{"line":7,"column":23},"end":{"line":7,"column":29}},"1":{"start":{"line":9,"column":4},"end":{"line":33,"column":12}},"2":{"start":{"line":19,"column":12},"end":{"line":22,"column":13}},"3":{"start":{"line":21,"column":16},"end":{"line":21,"column":55}},"4":{"start":{"line":24,"column":12},"end":{"line":24,"column":35}},"5":{"start":{"line":28,"column":12},"end":{"line":28,"column":65}},"6":{"start":{"line":29,"column":12},"end":{"line":29,"column":65}},"7":{"start":{"line":30,"column":12},"end":{"line":30,"column":63}},"8":{"start":{"line":32,"column":12},"end":{"line":32,"column":33}},"9":{"start":{"line":36,"column":4},"end":{"line":36,"column":48}},"10":{"start":{"line":38,"column":24},"end":{"line":44,"column":1}},"11":{"start":{"line":39,"column":4},"end":{"line":41,"column":5}},"12":{"start":{"line":40,"column":8},"end":{"line":40,"column":21}},"13":{"start":{"line":43,"column":4},"end":{"line":43,"column":16}},"14":{"start":{"line":47,"column":4},"end":{"line":47,"column":43}},"15":{"start":{"line":51,"column":4},"end":{"line":51,"column":25}}},"fnMap":{"0":{"name":"login","decl":{"start":{"line":8,"column":9},"end":{"line":8,"column":14}},"loc":{"start":{"line":8,"column":44},"end":{"line":34,"column":1}},"line":8},"1":{"name":"(anonymous_1)","decl":{"start":{"line":18,"column":15},"end":{"line":18,"column":16}},"loc":{"start":{"line":18,"column":37},"end":{"line":25,"column":9}},"line":18},"2":{"name":"(anonymous_2)","decl":{"start":{"line":26,"column":15},"end":{"line":26,"column":16}},"loc":{"start":{"line":26,"column":42},"end":{"line":33,"column":9}},"line":26},"3":{"name":"getToken","decl":{"start":{"line":35,"column":9},"end":{"line":35,"column":17}},"loc":{"start":{"line":35,"column":20},"end":{"line":37,"column":1}},"line":35},"4":{"name":"(anonymous_4)","decl":{"start":{"line":38,"column":24},"end":{"line":38,"column":25}},"loc":{"start":{"line":38,"column":30},"end":{"line":44,"column":1}},"line":38},"5":{"name":"getEmail","decl":{"start":{"line":46,"column":9},"end":{"line":46,"column":17}},"loc":{"start":{"line":46,"column":20},"end":{"line":48,"column":1}},"line":46},"6":{"name":"logout","decl":{"start":{"line":50,"column":9},"end":{"line":50,"column":15}},"loc":{"start":{"line":50,"column":18},"end":{"line":52,"column":1}},"line":50}},"branchMap":{"0":{"loc":{"start":{"line":19,"column":12},"end":{"line":22,"column":13}},"type":"if","locations":[{"start":{"line":19,"column":12},"end":{"line":22,"column":13}},{"start":{},"end":{}}],"line":19},"1":{"loc":{"start":{"line":36,"column":11},"end":{"line":36,"column":47}},"type":"binary-expr","locations":[{"start":{"line":36,"column":11},"end":{"line":36,"column":42}},{"start":{"line":36,"column":45},"end":{"line":36,"column":47}}],"line":36},"2":{"loc":{"start":{"line":39,"column":4},"end":{"line":41,"column":5}},"type":"if","locations":[{"start":{"line":39,"column":4},"end":{"line":41,"column":5}},{"start":{},"end":{}}],"line":39}},"s":{"0":10,"1":1,"2":1,"3":0,"4":1,"5":1,"6":1,"7":1,"8":1,"9":7,"10":10,"11":0,"12":0,"13":0,"14":0,"15":0},"f":{"0":1,"1":1,"2":1,"3":7,"4":0,"5":0,"6":0},"b":{"0":[0,1],"1":[7,7],"2":[0,0]},"_coverageSchema":"1a1c01bbd47fc00a2c39e90264f33305004495a9","hash":"3563c4463057579c991311330af85fc13566b8c0"}
}
