TN:
SF:src\ts\config.ts
FNF:0
FNH:0
DA:1,11
LF:1
LH:1
BRF:0
BRH:0
end_of_record
TN:
SF:src\ts\load-page.ts
FN:71,(anonymous_0)
FN:76,(anonymous_1)
FN:77,(anonymous_2)
FN:91,(anonymous_3)
FNF:4
FNH:0
FNDA:0,(anonymous_0)
FNDA:0,(anonymous_1)
FNDA:0,(anonymous_2)
FNDA:0,(anonymous_3)
DA:24,4
DA:71,4
DA:73,0
DA:75,0
DA:77,0
DA:78,0
DA:81,0
DA:82,0
DA:85,0
DA:91,4
DA:94,0
DA:95,0
DA:97,0
DA:100,0
DA:101,0
DA:102,0
DA:103,0
DA:106,0
DA:108,0
DA:109,0
DA:110,0
DA:114,0
DA:115,0
DA:116,0
LF:24
LH:3
BRDA:94,0,0,0
BRDA:94,0,1,0
BRDA:100,1,0,0
BRDA:100,1,1,0
BRDA:101,2,0,0
BRDA:101,2,1,0
BRDA:106,3,0,0
BRDA:106,3,1,0
BRDA:114,4,0,0
BRDA:114,4,1,0
BRF:10
BRH:0
end_of_record
TN:
SF:src\ts\login.ts
FN:8,(anonymous_0)
FN:11,(anonymous_1)
FN:15,(anonymous_2)
FN:45,(anonymous_3)
FN:52,(anonymous_4)
FN:63,(anonymous_5)
FNF:6
FNH:0
FNDA:0,(anonymous_0)
FNDA:0,(anonymous_1)
FNDA:0,(anonymous_2)
FNDA:0,(anonymous_3)
FNDA:0,(anonymous_4)
FNDA:0,(anonymous_5)
DA:6,0
DA:8,0
DA:9,0
DA:12,0
DA:13,0
DA:15,0
DA:16,0
DA:17,0
DA:20,0
DA:24,0
DA:25,0
DA:26,0
DA:28,0
DA:30,0
DA:31,0
DA:34,0
DA:44,0
DA:46,0
DA:49,0
DA:50,0
DA:53,0
DA:54,0
DA:57,0
DA:63,0
DA:64,0
DA:66,0
LF:26
LH:0
BRDA:25,0,0,0
BRDA:25,0,1,0
BRDA:53,1,0,0
BRDA:53,1,1,0
BRF:4
BRH:0
end_of_record
TN:
SF:src\ts\nav.ts
FN:3,(anonymous_0)
FN:8,(anonymous_1)
FN:13,(anonymous_2)
FNF:3
FNH:0
FNDA:0,(anonymous_0)
FNDA:0,(anonymous_1)
FNDA:0,(anonymous_2)
DA:3,5
DA:4,0
DA:5,0
DA:6,0
DA:7,0
DA:8,0
DA:9,0
DA:10,0
DA:13,0
DA:14,0
DA:16,0
DA:19,0
LF:12
LH:1
BRF:0
BRH:0
end_of_record
TN:
SF:src\ts\register.ts
FN:13,(anonymous_0)
FN:28,(anonymous_1)
FN:50,(anonymous_2)
FN:86,(anonymous_3)
FN:105,(anonymous_4)
FN:114,(anonymous_5)
FN:158,(anonymous_6)
FN:171,(anonymous_7)
FN:179,(anonymous_8)
FN:187,(anonymous_9)
FNF:10
FNH:4
FNDA:1,(anonymous_0)
FNDA:1,(anonymous_1)
FNDA:1,(anonymous_2)
FNDA:1,(anonymous_3)
FNDA:0,(anonymous_4)
FNDA:0,(anonymous_5)
FNDA:0,(anonymous_6)
FNDA:0,(anonymous_7)
FNDA:0,(anonymous_8)
FNDA:0,(anonymous_9)
DA:7,4
DA:8,4
DA:9,4
DA:10,4
DA:11,4
DA:13,4
DA:14,1
DA:15,1
DA:17,1
DA:18,1
DA:19,1
DA:20,0
DA:21,1
DA:22,0
DA:24,1
DA:25,1
DA:28,4
DA:31,1
DA:32,1
DA:35,1
DA:39,1
DA:40,1
DA:42,0
DA:45,1
DA:47,1
DA:50,4
DA:51,1
DA:52,1
DA:55,1
DA:56,1
DA:57,1
DA:58,1
DA:59,1
DA:60,1
DA:61,1
DA:62,0
DA:67,1
DA:68,0
DA:71,1
DA:72,0
DA:74,1
DA:75,0
DA:77,1
DA:78,0
DA:82,1
DA:83,1
DA:86,4
DA:87,1
DA:90,1
DA:91,1
DA:94,1
DA:97,1
DA:98,1
DA:99,0
DA:101,1
DA:102,1
DA:105,4
DA:106,0
DA:107,0
DA:108,0
DA:109,0
DA:110,0
DA:111,0
DA:114,4
DA:116,0
DA:117,0
DA:118,0
DA:119,0
DA:120,0
DA:123,0
DA:127,0
DA:131,0
DA:135,0
DA:139,0
DA:143,0
DA:147,0
DA:151,0
DA:156,0
DA:159,0
DA:160,0
DA:161,0
DA:162,0
DA:163,0
DA:169,0
DA:170,0
DA:172,0
DA:173,0
DA:174,0
DA:177,0
DA:180,0
DA:187,4
DA:189,0
LF:92
LH:50
BRDA:19,0,0,0
BRDA:19,0,1,1
BRDA:21,1,0,0
BRDA:21,1,1,1
BRDA:40,2,0,0
BRDA:40,2,1,1
BRDA:61,3,0,0
BRDA:61,3,1,1
BRDA:67,4,0,0
BRDA:67,4,1,1
BRDA:71,5,0,0
BRDA:71,5,1,1
BRDA:74,6,0,0
BRDA:74,6,1,1
BRDA:77,7,0,0
BRDA:77,7,1,1
BRDA:98,8,0,0
BRDA:98,8,1,1
BRDA:107,9,0,0
BRDA:107,9,1,0
BRDA:108,10,0,0
BRDA:108,10,1,0
BRDA:109,11,0,0
BRDA:109,11,1,0
BRDA:110,12,0,0
BRDA:110,12,1,0
BRDA:169,13,0,0
BRDA:169,13,1,0
BRF:28
BRH:9
end_of_record
TN:
SF:src\ts\data\attendees.ts
FNF:0
FNH:0
LF:0
LH:0
BRF:0
BRH:0
end_of_record
TN:
SF:src\ts\data\meetings.ts
FNF:0
FNH:0
DA:1,11
LF:1
LH:1
BRF:0
BRH:0
end_of_record
TN:
SF:src\ts\data\teams.ts
FNF:0
FNH:0
DA:1,11
LF:1
LH:1
BRF:0
BRH:0
end_of_record
TN:
SF:src\ts\data\users.ts
FNF:0
FNH:0
DA:1,11
LF:1
LH:1
BRF:0
BRH:0
end_of_record
TN:
SF:src\ts\mocks\handlers.ts
FN:10,(anonymous_0)
FN:14,(anonymous_1)
FN:17,(anonymous_2)
FN:22,(anonymous_3)
FN:28,(anonymous_4)
FN:43,(anonymous_5)
FN:50,(anonymous_6)
FN:72,(anonymous_7)
FN:103,(anonymous_8)
FNF:9
FNH:9
FNDA:1,(anonymous_0)
FNDA:1,(anonymous_1)
FNDA:1,(anonymous_2)
FNDA:1,(anonymous_3)
FNDA:1,(anonymous_4)
FNDA:1,(anonymous_5)
FNDA:1,(anonymous_6)
FNDA:1,(anonymous_7)
FNDA:1,(anonymous_8)
DA:7,11
DA:11,1
DA:15,1
DA:18,1
DA:23,1
DA:29,1
DA:44,1
DA:51,1
DA:73,1
DA:104,1
LF:10
LH:10
BRF:0
BRH:0
end_of_record
TN:
SF:src\ts\mocks\server.ts
FNF:0
FNH:0
DA:7,11
LF:1
LH:1
BRF:0
BRH:0
end_of_record
TN:
SF:src\ts\pages\add-meeting.ts
FN:18,(anonymous_0)
FN:47,(anonymous_1)
FN:74,(anonymous_2)
FN:82,(anonymous_3)
FN:95,(anonymous_4)
FN:106,(anonymous_5)
FN:127,(anonymous_6)
FN:134,(anonymous_7)
FN:141,(anonymous_8)
FNF:9
FNH:2
FNDA:1,(anonymous_0)
FNDA:1,(anonymous_1)
FNDA:0,(anonymous_2)
FNDA:0,(anonymous_3)
FNDA:0,(anonymous_4)
FNDA:0,(anonymous_5)
FNDA:0,(anonymous_6)
FNDA:0,(anonymous_7)
FNDA:0,(anonymous_8)
DA:7,2
DA:8,2
DA:9,2
DA:10,2
DA:11,2
DA:12,2
DA:13,2
DA:14,2
DA:15,2
DA:18,2
DA:20,1
DA:21,1
DA:22,1
DA:23,1
DA:24,1
DA:25,1
DA:26,1
DA:27,1
DA:28,1
DA:29,1
DA:30,1
DA:31,1
DA:33,1
DA:34,0
DA:35,1
DA:36,0
DA:37,0
DA:38,0
DA:39,0
DA:40,0
DA:44,1
DA:45,1
DA:47,2
DA:48,1
DA:49,1
DA:50,1
DA:51,1
DA:52,1
DA:53,1
DA:54,1
DA:56,1
DA:57,1
DA:58,1
DA:59,1
DA:61,1
DA:62,0
DA:63,1
DA:64,0
DA:65,0
DA:68,1
DA:69,1
DA:74,2
DA:75,0
DA:76,0
DA:77,0
DA:78,0
DA:82,2
DA:84,0
DA:85,0
DA:86,0
DA:87,0
DA:88,0
DA:89,0
DA:90,0
DA:91,0
DA:92,0
DA:93,0
DA:95,0
DA:96,0
DA:98,0
DA:99,0
DA:100,0
DA:101,0
DA:102,0
DA:103,0
DA:104,0
DA:105,0
DA:106,0
DA:107,0
DA:110,0
DA:125,0
DA:126,0
DA:128,0
DA:129,0
DA:131,0
DA:132,0
DA:135,0
DA:141,2
DA:142,0
DA:143,0
LF:90
LH:45
BRDA:33,0,0,0
BRDA:33,0,1,1
BRDA:35,1,0,0
BRDA:35,1,1,1
BRDA:36,2,0,0
BRDA:36,2,1,0
BRDA:38,3,0,0
BRDA:38,3,1,0
BRDA:39,4,0,0
BRDA:39,4,1,0
BRDA:61,5,0,0
BRDA:61,5,1,1
BRDA:63,6,0,0
BRDA:63,6,1,1
BRDA:64,7,0,0
BRDA:64,7,1,0
BRDA:76,8,0,0
BRDA:76,8,1,0
BRDA:77,9,0,0
BRDA:77,9,1,0
BRDA:125,10,0,0
BRDA:125,10,1,0
BRF:22
BRH:4
end_of_record
TN:
SF:src\ts\pages\calender.ts
FN:12,(anonymous_0)
FN:16,(anonymous_1)
FN:17,(anonymous_2)
FN:50,(anonymous_3)
FN:71,(anonymous_4)
FN:73,(anonymous_5)
FN:77,(anonymous_6)
FN:87,(anonymous_7)
FN:122,(anonymous_8)
FNF:9
FNH:3
FNDA:1,(anonymous_0)
FNDA:7,(anonymous_1)
FNDA:18,(anonymous_2)
FNDA:0,(anonymous_3)
FNDA:0,(anonymous_4)
FNDA:0,(anonymous_5)
FNDA:0,(anonymous_6)
FNDA:0,(anonymous_7)
FNDA:0,(anonymous_8)
DA:8,1
DA:11,1
DA:13,1
DA:15,1
DA:16,1
DA:17,7
DA:18,18
DA:22,7
DA:30,7
DA:34,7
DA:47,1
DA:50,1
DA:52,0
DA:53,0
DA:54,0
DA:55,0
DA:56,0
DA:57,0
DA:58,0
DA:59,0
DA:60,0
DA:61,0
DA:62,0
DA:63,0
DA:64,0
DA:65,0
DA:67,0
DA:69,0
DA:71,1
DA:72,0
DA:74,0
DA:75,0
DA:78,0
DA:87,1
DA:88,0
DA:102,0
DA:104,0
DA:110,0
DA:111,0
DA:114,0
DA:115,0
DA:119,0
DA:121,0
DA:122,0
DA:123,0
DA:124,0
DA:125,0
DA:126,0
DA:129,0
DA:130,0
DA:132,0
DA:135,0
LF:52
LH:14
BRDA:52,0,0,0
BRDA:52,0,1,0
BRDA:54,1,0,0
BRDA:54,1,1,0
BRDA:56,2,0,0
BRDA:56,2,1,0
BRDA:58,3,0,0
BRDA:58,3,1,0
BRDA:60,4,0,0
BRDA:60,4,1,0
BRDA:62,5,0,0
BRDA:62,5,1,0
BRDA:64,6,0,0
BRDA:64,6,1,0
BRF:14
BRH:0
end_of_record
TN:
SF:src\ts\pages\display-teams-page.ts
FN:23,(anonymous_0)
FN:26,(anonymous_1)
FN:30,(anonymous_2)
FN:32,(anonymous_3)
FN:67,(anonymous_4)
FN:69,(anonymous_5)
FN:70,(anonymous_6)
FN:74,(anonymous_7)
FN:77,(anonymous_8)
FN:84,(anonymous_9)
FN:86,(anonymous_10)
FN:88,(anonymous_11)
FN:95,(anonymous_12)
FN:98,(anonymous_13)
FN:100,(anonymous_14)
FN:107,(anonymous_15)
FN:113,(anonymous_16)
FN:123,(anonymous_17)
FN:125,(anonymous_18)
FN:128,(anonymous_19)
FN:134,(anonymous_20)
FN:146,(anonymous_21)
FN:158,(anonymous_22)
FN:165,(anonymous_23)
FN:177,(anonymous_24)
FN:193,(anonymous_25)
FN:200,(anonymous_26)
FN:207,(anonymous_27)
FN:209,(anonymous_28)
FN:213,(anonymous_29)
FN:218,(anonymous_30)
FNF:31
FNH:3
FNDA:1,(anonymous_0)
FNDA:0,(anonymous_1)
FNDA:3,(anonymous_2)
FNDA:7,(anonymous_3)
FNDA:0,(anonymous_4)
FNDA:0,(anonymous_5)
FNDA:0,(anonymous_6)
FNDA:0,(anonymous_7)
FNDA:0,(anonymous_8)
FNDA:0,(anonymous_9)
FNDA:0,(anonymous_10)
FNDA:0,(anonymous_11)
FNDA:0,(anonymous_12)
FNDA:0,(anonymous_13)
FNDA:0,(anonymous_14)
FNDA:0,(anonymous_15)
FNDA:0,(anonymous_16)
FNDA:0,(anonymous_17)
FNDA:0,(anonymous_18)
FNDA:0,(anonymous_19)
FNDA:0,(anonymous_20)
FNDA:0,(anonymous_21)
FNDA:0,(anonymous_22)
FNDA:0,(anonymous_23)
FNDA:0,(anonymous_24)
FNDA:0,(anonymous_25)
FNDA:0,(anonymous_26)
FNDA:0,(anonymous_27)
FNDA:0,(anonymous_28)
FNDA:0,(anonymous_29)
FNDA:0,(anonymous_30)
DA:16,1
DA:17,1
DA:18,1
DA:19,1
DA:20,1
DA:21,1
DA:23,1
DA:24,1
DA:25,1
DA:26,1
DA:27,0
DA:29,1
DA:30,1
DA:31,3
DA:33,7
DA:36,3
DA:58,1
DA:60,1
DA:61,1
DA:62,1
DA:63,1
DA:64,1
DA:67,1
DA:68,0
DA:69,0
DA:70,0
DA:71,0
DA:72,0
DA:73,0
DA:75,0
DA:78,0
DA:84,1
DA:85,0
DA:86,0
DA:87,0
DA:88,0
DA:89,0
DA:91,0
DA:95,1
DA:96,0
DA:98,0
DA:99,0
DA:100,0
DA:101,0
DA:102,0
DA:103,0
DA:104,0
DA:106,0
DA:108,0
DA:110,0
DA:111,0
DA:114,0
DA:123,1
DA:124,0
DA:126,0
DA:129,0
DA:134,1
DA:135,0
DA:136,0
DA:137,0
DA:138,0
DA:139,0
DA:140,0
DA:142,0
DA:143,0
DA:146,1
DA:147,0
DA:148,0
DA:149,0
DA:150,0
DA:151,0
DA:152,0
DA:153,0
DA:155,0
DA:156,0
DA:158,1
DA:159,0
DA:160,0
DA:161,0
DA:162,0
DA:165,1
DA:166,0
DA:167,0
DA:168,0
DA:169,0
DA:170,0
DA:171,0
DA:172,0
DA:173,0
DA:174,0
DA:177,0
DA:178,0
DA:179,0
DA:180,0
DA:181,0
DA:182,0
DA:184,0
DA:191,0
DA:192,0
DA:194,0
DA:195,0
DA:197,0
DA:198,0
DA:201,0
DA:207,1
DA:208,0
DA:210,0
DA:211,0
DA:214,0
DA:218,1
DA:219,0
DA:220,0
DA:221,0
LF:113
LH:31
BRDA:139,0,0,0
BRDA:139,0,1,0
BRDA:139,1,0,0
BRDA:139,1,1,0
BRDA:152,2,0,0
BRDA:152,2,1,0
BRDA:160,3,0,0
BRDA:160,3,1,0
BRDA:161,4,0,0
BRDA:161,4,1,0
BRDA:191,5,0,0
BRDA:191,5,1,0
BRF:12
BRH:0
end_of_record
TN:
SF:src\ts\pages\filter-meeting.ts
FN:16,(anonymous_0)
FN:22,(anonymous_1)
FN:30,(anonymous_2)
FN:33,(anonymous_3)
FN:65,(anonymous_4)
FN:96,(anonymous_5)
FN:98,(anonymous_6)
FN:99,(anonymous_7)
FN:103,(anonymous_8)
FN:106,(anonymous_9)
FN:113,(anonymous_10)
FN:115,(anonymous_11)
FN:117,(anonymous_12)
FN:124,(anonymous_13)
FN:127,(anonymous_14)
FN:131,(anonymous_15)
FN:138,(anonymous_16)
FN:146,(anonymous_17)
FN:154,(anonymous_18)
FN:156,(anonymous_19)
FN:159,(anonymous_20)
FN:164,(anonymous_21)
FN:166,(anonymous_22)
FN:170,(anonymous_23)
FN:174,(anonymous_24)
FNF:25
FNH:5
FNDA:0,(anonymous_0)
FNDA:0,(anonymous_1)
FNDA:1,(anonymous_2)
FNDA:7,(anonymous_3)
FNDA:18,(anonymous_4)
FNDA:0,(anonymous_5)
FNDA:0,(anonymous_6)
FNDA:0,(anonymous_7)
FNDA:0,(anonymous_8)
FNDA:0,(anonymous_9)
FNDA:0,(anonymous_10)
FNDA:0,(anonymous_11)
FNDA:0,(anonymous_12)
FNDA:1,(anonymous_13)
FNDA:7,(anonymous_14)
FNDA:0,(anonymous_15)
FNDA:0,(anonymous_16)
FNDA:0,(anonymous_17)
FNDA:0,(anonymous_18)
FNDA:0,(anonymous_19)
FNDA:0,(anonymous_20)
FNDA:0,(anonymous_21)
FNDA:0,(anonymous_22)
FNDA:0,(anonymous_23)
FNDA:0,(anonymous_24)
DA:14,1
DA:16,1
DA:17,0
DA:18,0
DA:19,0
DA:22,0
DA:23,0
DA:24,0
DA:25,0
DA:26,0
DA:30,1
DA:31,1
DA:32,1
DA:33,1
DA:34,7
DA:35,7
DA:37,7
DA:38,7
DA:39,0
DA:40,7
DA:41,0
DA:42,7
DA:43,0
DA:44,7
DA:45,0
DA:46,7
DA:47,0
DA:48,7
DA:49,0
DA:50,7
DA:51,0
DA:52,7
DA:53,6
DA:54,1
DA:55,0
DA:56,1
DA:57,1
DA:58,0
DA:59,0
DA:60,0
DA:61,0
DA:64,7
DA:66,18
DA:69,7
DA:90,1
DA:91,1
DA:92,1
DA:93,1
DA:96,1
DA:97,0
DA:98,0
DA:99,0
DA:100,0
DA:101,0
DA:102,0
DA:104,0
DA:107,0
DA:113,1
DA:114,0
DA:115,0
DA:116,0
DA:117,0
DA:118,0
DA:120,0
DA:124,1
DA:125,1
DA:127,1
DA:128,7
DA:131,7
DA:132,0
DA:133,0
DA:134,0
DA:135,0
DA:137,0
DA:139,0
DA:140,0
DA:142,0
DA:143,0
DA:147,0
DA:154,1
DA:155,0
DA:157,0
DA:160,0
DA:164,1
DA:165,0
DA:167,0
DA:168,0
DA:171,0
DA:174,1
DA:175,0
DA:176,0
LF:91
LH:38
BRDA:38,0,0,0
BRDA:38,0,1,7
BRDA:40,1,0,0
BRDA:40,1,1,7
BRDA:42,2,0,0
BRDA:42,2,1,7
BRDA:44,3,0,0
BRDA:44,3,1,7
BRDA:46,4,0,0
BRDA:46,4,1,7
BRDA:48,5,0,0
BRDA:48,5,1,7
BRDA:50,6,0,0
BRDA:50,6,1,7
BRDA:52,7,0,6
BRDA:52,7,1,1
BRDA:54,8,0,0
BRDA:54,8,1,1
BRDA:56,9,0,1
BRDA:56,9,1,0
BRDA:58,10,0,0
BRDA:58,10,1,0
BRDA:60,11,0,0
BRDA:60,11,1,0
BRF:24
BRH:11
end_of_record
TN:
SF:src\ts\pages\teams-plus.ts
FN:1,(anonymous_0)
FN:4,(anonymous_1)
FNF:2
FNH:0
FNDA:0,(anonymous_0)
FNDA:0,(anonymous_1)
DA:1,4
DA:2,0
DA:3,0
DA:4,0
DA:5,0
DA:6,0
LF:6
LH:1
BRF:0
BRH:0
end_of_record
TN:
SF:src\ts\services\auth-add-meeting.ts
FN:7,addMeetings
FN:15,(anonymous_1)
FNF:2
FNH:2
FNDA:1,addMeetings
FNDA:1,(anonymous_1)
DA:5,5
DA:8,1
DA:16,1
DA:18,0
DA:21,1
LF:5
LH:4
BRDA:16,0,0,0
BRDA:16,0,1,1
BRF:2
BRH:1
end_of_record
TN:
SF:src\ts\services\auth-add-teams.ts
FN:7,addTeam
FN:15,(anonymous_1)
FN:25,viewTeam
FN:30,(anonymous_3)
FN:40,deleteTeam
FN:49,(anonymous_5)
FN:59,addMember
FN:68,(anonymous_7)
FN:78,fetchUsers
FN:83,(anonymous_9)
FNF:10
FNH:8
FNDA:1,addTeam
FNDA:1,(anonymous_1)
FNDA:1,viewTeam
FNDA:1,(anonymous_3)
FNDA:1,deleteTeam
FNDA:1,(anonymous_5)
FNDA:0,addMember
FNDA:0,(anonymous_7)
FNDA:1,fetchUsers
FNDA:1,(anonymous_9)
DA:5,5
DA:8,1
DA:16,1
DA:18,0
DA:21,1
DA:26,1
DA:31,1
DA:33,0
DA:36,1
DA:41,1
DA:50,1
DA:51,0
DA:55,1
DA:60,0
DA:69,0
DA:70,0
DA:74,0
DA:79,1
DA:84,1
DA:86,0
DA:89,1
LF:21
LH:13
BRDA:16,0,0,0
BRDA:16,0,1,1
BRDA:31,1,0,0
BRDA:31,1,1,1
BRDA:50,2,0,0
BRDA:50,2,1,1
BRDA:69,3,0,0
BRDA:69,3,1,0
BRDA:84,4,0,0
BRDA:84,4,1,1
BRF:10
BRH:4
end_of_record
TN:
SF:src\ts\services\auth-calendar.ts
FN:6,getCalender
FN:15,(anonymous_1)
FNF:2
FNH:2
FNDA:1,getCalender
FNDA:1,(anonymous_1)
DA:5,6
DA:7,1
DA:16,1
DA:18,0
DA:20,1
DA:21,1
LF:6
LH:5
BRDA:16,0,0,0
BRDA:16,0,1,1
BRF:2
BRH:1
end_of_record
TN:
SF:src\ts\services\auth-filter.ts
FN:5,filter
FN:14,(anonymous_1)
FN:25,deleteTeam
FN:34,(anonymous_3)
FN:44,addMember
FN:53,(anonymous_5)
FN:63,fetchUsers
FN:68,(anonymous_7)
FNF:8
FNH:2
FNDA:1,filter
FNDA:1,(anonymous_1)
FNDA:0,deleteTeam
FNDA:0,(anonymous_3)
FNDA:0,addMember
FNDA:0,(anonymous_5)
FNDA:0,fetchUsers
FNDA:0,(anonymous_7)
DA:4,5
DA:6,1
DA:15,1
DA:17,0
DA:20,1
DA:26,0
DA:35,0
DA:36,0
DA:40,0
DA:45,0
DA:54,0
DA:55,0
DA:59,0
DA:64,0
DA:69,0
DA:71,0
DA:74,0
LF:17
LH:4
BRDA:15,0,0,0
BRDA:15,0,1,1
BRDA:35,1,0,0
BRDA:35,1,1,0
BRDA:54,2,0,0
BRDA:54,2,1,0
BRDA:69,3,0,0
BRDA:69,3,1,0
BRF:8
BRH:1
end_of_record
TN:
SF:src\ts\services\auth-reg.ts
FN:6,register
FN:14,(anonymous_1)
FNF:2
FNH:2
FNDA:1,register
FNDA:1,(anonymous_1)
DA:5,5
DA:7,1
DA:15,1
DA:17,0
DA:20,1
LF:5
LH:4
BRDA:15,0,0,0
BRDA:15,0,1,1
BRF:2
BRH:1
end_of_record
TN:
SF:src\ts\services\auth.ts
FN:8,login
FN:18,(anonymous_1)
FN:26,(anonymous_2)
FN:35,getToken
FN:38,(anonymous_4)
FN:46,getEmail
FN:50,logout
FNF:7
FNH:4
FNDA:1,login
FNDA:1,(anonymous_1)
FNDA:1,(anonymous_2)
FNDA:7,getToken
FNDA:0,(anonymous_4)
FNDA:0,getEmail
FNDA:0,logout
DA:7,10
DA:9,1
DA:19,1
DA:21,0
DA:24,1
DA:28,1
DA:29,1
DA:30,1
DA:32,1
DA:36,7
DA:38,10
DA:39,0
DA:40,0
DA:43,0
DA:47,0
DA:51,0
LF:16
LH:10
BRDA:19,0,0,0
BRDA:19,0,1,1
BRDA:36,1,0,7
BRDA:36,1,1,7
BRDA:39,2,0,0
BRDA:39,2,1,0
BRF:6
BRH:3
end_of_record
